<!DOCTYPE html>
<html>
  <head>
    <meta charset="utf-8"/>
    <title id="head-title">test_report.html</title>
      <style type="text/css">body {
  font-family: Helvetica, Arial, sans-serif;
  font-size: 12px;
  /* do not increase min-width as some may use split screens */
  min-width: 800px;
  color: #999;
}

h1 {
  font-size: 24px;
  color: black;
}

h2 {
  font-size: 16px;
  color: black;
}

p {
  color: black;
}

a {
  color: #999;
}

table {
  border-collapse: collapse;
}

/******************************
 * SUMMARY INFORMATION
 ******************************/
#environment td {
  padding: 5px;
  border: 1px solid #e6e6e6;
  vertical-align: top;
}
#environment tr:nth-child(odd) {
  background-color: #f6f6f6;
}
#environment ul {
  margin: 0;
  padding: 0 20px;
}

/******************************
 * TEST RESULT COLORS
 ******************************/
span.passed,
.passed .col-result {
  color: green;
}

span.skipped,
span.xfailed,
span.rerun,
.skipped .col-result,
.xfailed .col-result,
.rerun .col-result {
  color: orange;
}

span.error,
span.failed,
span.xpassed,
.error .col-result,
.failed .col-result,
.xpassed .col-result {
  color: red;
}

.col-links__extra {
  margin-right: 3px;
}

/******************************
 * RESULTS TABLE
 *
 * 1. Table Layout
 * 2. Extra
 * 3. Sorting items
 *
 ******************************/
/*------------------
 * 1. Table Layout
 *------------------*/
#results-table {
  border: 1px solid #e6e6e6;
  color: #999;
  font-size: 12px;
  width: 100%;
}
#results-table th,
#results-table td {
  padding: 5px;
  border: 1px solid #e6e6e6;
  text-align: left;
}
#results-table th {
  font-weight: bold;
}

/*------------------
 * 2. Extra
 *------------------*/
.logwrapper {
  max-height: 230px;
  overflow-y: scroll;
  background-color: #e6e6e6;
}
.logwrapper.expanded {
  max-height: none;
}
.logwrapper.expanded .logexpander:after {
  content: "collapse [-]";
}
.logwrapper .logexpander {
  z-index: 1;
  position: sticky;
  top: 10px;
  width: max-content;
  border: 1px solid;
  border-radius: 3px;
  padding: 5px 7px;
  margin: 10px 0 10px calc(100% - 80px);
  cursor: pointer;
  background-color: #e6e6e6;
}
.logwrapper .logexpander:after {
  content: "expand [+]";
}
.logwrapper .logexpander:hover {
  color: #000;
  border-color: #000;
}
.logwrapper .log {
  min-height: 40px;
  position: relative;
  top: -50px;
  height: calc(100% + 50px);
  border: 1px solid #e6e6e6;
  color: black;
  display: block;
  font-family: "Courier New", Courier, monospace;
  padding: 5px;
  padding-right: 80px;
  white-space: pre-wrap;
}

div.media {
  border: 1px solid #e6e6e6;
  float: right;
  height: 240px;
  margin: 0 5px;
  overflow: hidden;
  width: 320px;
}

.media-container {
  display: grid;
  grid-template-columns: 25px auto 25px;
  align-items: center;
  flex: 1 1;
  overflow: hidden;
  height: 200px;
}

.media-container--fullscreen {
  grid-template-columns: 0px auto 0px;
}

.media-container__nav--right,
.media-container__nav--left {
  text-align: center;
  cursor: pointer;
}

.media-container__viewport {
  cursor: pointer;
  text-align: center;
  height: inherit;
}
.media-container__viewport img,
.media-container__viewport video {
  object-fit: cover;
  width: 100%;
  max-height: 100%;
}

.media__name,
.media__counter {
  display: flex;
  flex-direction: row;
  justify-content: space-around;
  flex: 0 0 25px;
  align-items: center;
}

.collapsible td:not(.col-links) {
  cursor: pointer;
}
.collapsible td:not(.col-links):hover::after {
  color: #bbb;
  font-style: italic;
  cursor: pointer;
}

.col-result {
  width: 130px;
}
.col-result:hover::after {
  content: " (hide details)";
}

.col-result.collapsed:hover::after {
  content: " (show details)";
}

#environment-header h2:hover::after {
  content: " (hide details)";
  color: #bbb;
  font-style: italic;
  cursor: pointer;
  font-size: 12px;
}

#environment-header.collapsed h2:hover::after {
  content: " (show details)";
  color: #bbb;
  font-style: italic;
  cursor: pointer;
  font-size: 12px;
}

/*------------------
 * 3. Sorting items
 *------------------*/
.sortable {
  cursor: pointer;
}
.sortable.desc:after {
  content: " ";
  position: relative;
  left: 5px;
  bottom: -12.5px;
  border: 10px solid #4caf50;
  border-bottom: 0;
  border-left-color: transparent;
  border-right-color: transparent;
}
.sortable.asc:after {
  content: " ";
  position: relative;
  left: 5px;
  bottom: 12.5px;
  border: 10px solid #4caf50;
  border-top: 0;
  border-left-color: transparent;
  border-right-color: transparent;
}

.hidden, .summary__reload__button.hidden {
  display: none;
}

.summary__data {
  flex: 0 0 550px;
}
.summary__reload {
  flex: 1 1;
  display: flex;
  justify-content: center;
}
.summary__reload__button {
  flex: 0 0 300px;
  display: flex;
  color: white;
  font-weight: bold;
  background-color: #4caf50;
  text-align: center;
  justify-content: center;
  align-items: center;
  border-radius: 3px;
  cursor: pointer;
}
.summary__reload__button:hover {
  background-color: #46a049;
}
.summary__spacer {
  flex: 0 0 550px;
}

.controls {
  display: flex;
  justify-content: space-between;
}

.filters,
.collapse {
  display: flex;
  align-items: center;
}
.filters button,
.collapse button {
  color: #999;
  border: none;
  background: none;
  cursor: pointer;
  text-decoration: underline;
}
.filters button:hover,
.collapse button:hover {
  color: #ccc;
}

.filter__label {
  margin-right: 10px;
}

      </style>
    
  </head>
  <body>
    <h1 id="title">test_report.html</h1>
    <p>Report generated on 18-Apr-2025 at 17:52:05 by <a href="https://pypi.python.org/pypi/pytest-html">pytest-html</a>
        v4.1.1</p>
    <div id="environment-header">
      <h2>Environment</h2>
    </div>
    <table id="environment"></table>
    <!-- TEMPLATES -->
      <template id="template_environment_row">
      <tr>
        <td></td>
        <td></td>
      </tr>
    </template>
    <template id="template_results-table__body--empty">
      <tbody class="results-table-row">
        <tr id="not-found-message">
          <td colspan="4">No results found. Check the filters.</th>
        </tr>
    </template>
    <template id="template_results-table__tbody">
      <tbody class="results-table-row">
        <tr class="collapsible">
        </tr>
        <tr class="extras-row">
          <td class="extra" colspan="4">
            <div class="extraHTML"></div>
            <div class="media">
              <div class="media-container">
                  <div class="media-container__nav--left"><</div>
                  <div class="media-container__viewport">
                    <img src="" />
                    <video controls>
                      <source src="" type="video/mp4">
                    </video>
                  </div>
                  <div class="media-container__nav--right">></div>
                </div>
                <div class="media__name"></div>
                <div class="media__counter"></div>
            </div>
            <div class="logwrapper">
              <div class="logexpander"></div>
              <div class="log"></div>
            </div>
          </td>
        </tr>
      </tbody>
    </template>
    <!-- END TEMPLATES -->
    <div class="summary">
      <div class="summary__data">
        <h2>Summary</h2>
        <div class="additional-summary prefix">
        </div>
        <p class="run-count">25 tests took 00:06:27.</p>
        <p class="filter">(Un)check the boxes to filter the results.</p>
        <div class="summary__reload">
          <div class="summary__reload__button hidden" onclick="location.reload()">
            <div>There are still tests running. <br />Reload this page to get the latest results!</div>
          </div>
        </div>
        <div class="summary__spacer"></div>
        <div class="controls">
          <div class="filters">
            <input checked="true" class="filter" name="filter_checkbox" type="checkbox" data-test-result="failed" />
            <span class="failed">10 Failed,</span>
            <input checked="true" class="filter" name="filter_checkbox" type="checkbox" data-test-result="passed" />
            <span class="passed">15 Passed,</span>
            <input checked="true" class="filter" name="filter_checkbox" type="checkbox" data-test-result="skipped" disabled/>
            <span class="skipped">0 Skipped,</span>
            <input checked="true" class="filter" name="filter_checkbox" type="checkbox" data-test-result="xfailed" disabled/>
            <span class="xfailed">0 Expected failures,</span>
            <input checked="true" class="filter" name="filter_checkbox" type="checkbox" data-test-result="xpassed" disabled/>
            <span class="xpassed">0 Unexpected passes,</span>
            <input checked="true" class="filter" name="filter_checkbox" type="checkbox" data-test-result="error" disabled/>
            <span class="error">0 Errors,</span>
            <input checked="true" class="filter" name="filter_checkbox" type="checkbox" data-test-result="rerun" disabled/>
            <span class="rerun">0 Reruns</span>
          </div>
          <div class="collapse">
            <button id="show_all_details">Show all details</button>&nbsp;/&nbsp;<button id="hide_all_details">Hide all details</button>
          </div>
        </div>
      </div>
      <div class="additional-summary summary">
      </div>
      <div class="additional-summary postfix">
      </div>
    </div>
    <table id="results-table">
      <thead id="results-table-head">
        <tr>
          <th class="sortable" data-column-type="result">Result</th>
          <th class="sortable" data-column-type="testId">Test</th>
          <th class="sortable" data-column-type="duration">Duration</th>
          <th>Links</th>
        </tr>
      </thead>
    </table>
  </body>
  <footer>
    <div id="data-container" data-jsonblob="{&#34;environment&#34;: {&#34;Python&#34;: &#34;3.13.0&#34;, &#34;Packages&#34;: {&#34;pytest&#34;: &#34;8.3.4&#34;, &#34;pluggy&#34;: &#34;1.5.0&#34;}}, &#34;tests&#34;: {&#34;tests/test_login.py::test_valid_login&#34;: [{&#34;extras&#34;: [], &#34;result&#34;: &#34;Failed&#34;, &#34;testId&#34;: &#34;tests/test_login.py::test_valid_login&#34;, &#34;duration&#34;: &#34;00:00:09&#34;, &#34;resultsTableRow&#34;: [&#34;&lt;td class=\&#34;col-result\&#34;&gt;Failed&lt;/td&gt;&#34;, &#34;&lt;td class=\&#34;col-testId\&#34;&gt;tests/test_login.py::test_valid_login&lt;/td&gt;&#34;, &#34;&lt;td class=\&#34;col-duration\&#34;&gt;00:00:09&lt;/td&gt;&#34;, &#34;&lt;td class=\&#34;col-links\&#34;&gt;&lt;/td&gt;&#34;], &#34;log&#34;: &#34;driver = &amp;lt;selenium.webdriver.chrome.webdriver.WebDriver (session=&amp;quot;4af2f639c332b8a6f3571453c6ede9c2&amp;quot;)&amp;gt;\n\n    @pytest.mark.login\n    def test_valid_login(driver):\n        driver.get(&amp;quot;https://opensource-demo.orangehrmlive.com/web/index.php/auth/login&amp;quot;)\n        login_page = LoginPage(driver)\n        login_page.enter_username(&amp;quot;Admin&amp;quot;)\n        login_page.enter_password(&amp;quot;admin123&amp;quot;)\n        login_page.click_login()\n    \n&amp;gt;       assert &amp;quot;Dashboard&amp;quot; in driver.title, &amp;quot;Login failed: Dashboard not found in title&amp;quot;\nE       AssertionError: Login failed: Dashboard not found in title\nE       assert &amp;#x27;Dashboard&amp;#x27; in &amp;#x27;OrangeHRM&amp;#x27;\nE        +  where &amp;#x27;OrangeHRM&amp;#x27; = &amp;lt;selenium.webdriver.chrome.webdriver.WebDriver (session=&amp;quot;4af2f639c332b8a6f3571453c6ede9c2&amp;quot;)&amp;gt;.title\n\ntests/test_login.py:16: AssertionError\n&#34;}], &#34;tests/test_login.py::test_invalid_login&#34;: [{&#34;extras&#34;: [], &#34;result&#34;: &#34;Failed&#34;, &#34;testId&#34;: &#34;tests/test_login.py::test_invalid_login&#34;, &#34;duration&#34;: &#34;00:00:19&#34;, &#34;resultsTableRow&#34;: [&#34;&lt;td class=\&#34;col-result\&#34;&gt;Failed&lt;/td&gt;&#34;, &#34;&lt;td class=\&#34;col-testId\&#34;&gt;tests/test_login.py::test_invalid_login&lt;/td&gt;&#34;, &#34;&lt;td class=\&#34;col-duration\&#34;&gt;00:00:19&lt;/td&gt;&#34;, &#34;&lt;td class=\&#34;col-links\&#34;&gt;&lt;/td&gt;&#34;], &#34;log&#34;: &#34;driver = &amp;lt;selenium.webdriver.chrome.webdriver.WebDriver (session=&amp;quot;4531e8e55bdf5e7cfadcd4893273c5aa&amp;quot;)&amp;gt;\n\n    @pytest.mark.login\n    def test_invalid_login(driver):\n        driver.get(&amp;quot;https://opensource-demo.orangehrmlive.com/&amp;quot;)\n        login_page = LoginPage(driver)\n        login_page.enter_username(&amp;quot;invalid_user&amp;quot;)\n        login_page.enter_password(&amp;quot;invalid_pass&amp;quot;)\n        login_page.click_login()\n    \n&amp;gt;       error_message = login_page.get_error_message()\n\ntests/test_login.py:26: \n_ _ _ _ _ _ _ _ _ _ _ _ _ _ _ _ _ _ _ _ _ _ _ _ _ _ _ _ _ _ _ _ _ _ _ _ _ _ _ _ _ _ _ _ _ _ _ _ _ _ _ _ _ _ _ _ _ _ _ _ _ _ _ _ _ _ _ _ _ _ _ _ _ _\npages/login_page.py:29: in get_error_message\n    return WebDriverWait(self.driver, 10).until(\n_ _ _ _ _ _ _ _ _ _ _ _ _ _ _ _ _ _ _ _ _ _ _ _ _ _ _ _ _ _ _ _ _ _ _ _ _ _ _ _ _ _ _ _ _ _ _ _ _ _ _ _ _ _ _ _ _ _ _ _ _ _ _ _ _ _ _ _ _ _ _ _ _ _\n\nself = &amp;lt;selenium.webdriver.support.wait.WebDriverWait (session=&amp;quot;4531e8e55bdf5e7cfadcd4893273c5aa&amp;quot;)&amp;gt;\nmethod = &amp;lt;function presence_of_element_located.&amp;lt;locals&amp;gt;._predicate at 0x103280d60&amp;gt;, message = &amp;#x27;&amp;#x27;\n\n    def until(self, method: Callable[[D], Union[Literal[False], T]], message: str = &amp;quot;&amp;quot;) -&amp;gt; T:\n        &amp;quot;&amp;quot;&amp;quot;Calls the method provided with the driver as an argument until the \\\n        return value does not evaluate to ``False``.\n    \n        :param method: callable(WebDriver)\n        :param message: optional message for :exc:`TimeoutException`\n        :returns: the result of the last call to `method`\n        :raises: :exc:`selenium.common.exceptions.TimeoutException` if timeout occurs\n        &amp;quot;&amp;quot;&amp;quot;\n        screen = None\n        stacktrace = None\n    \n        end_time = time.monotonic() + self._timeout\n        while True:\n            try:\n                value = method(self._driver)\n                if value:\n                    return value\n            except self._ignored_exceptions as exc:\n                screen = getattr(exc, &amp;quot;screen&amp;quot;, None)\n                stacktrace = getattr(exc, &amp;quot;stacktrace&amp;quot;, None)\n            if time.monotonic() &amp;gt; end_time:\n                break\n            time.sleep(self._poll)\n&amp;gt;       raise TimeoutException(message, screen, stacktrace)\nE       selenium.common.exceptions.TimeoutException: Message: \nE       Stacktrace:\nE       0   chromedriver                        0x0000000101342e10 cxxbridge1$str$ptr + 2817040\nE       1   chromedriver                        0x000000010133b0ac cxxbridge1$str$ptr + 2784940\nE       2   chromedriver                        0x0000000100e828d8 cxxbridge1$string$len + 93028\nE       3   chromedriver                        0x0000000100ec96a0 cxxbridge1$string$len + 383276\nE       4   chromedriver                        0x0000000100f0a7b8 cxxbridge1$string$len + 649796\nE       5   chromedriver                        0x0000000100ebda80 cxxbridge1$string$len + 335116\nE       6   chromedriver                        0x0000000101307c98 cxxbridge1$str$ptr + 2575000\nE       7   chromedriver                        0x000000010130af64 cxxbridge1$str$ptr + 2588004\nE       8   chromedriver                        0x00000001012e7a20 cxxbridge1$str$ptr + 2443296\nE       9   chromedriver                        0x000000010130b7e0 cxxbridge1$str$ptr + 2590176\nE       10  chromedriver                        0x00000001012d8b14 cxxbridge1$str$ptr + 2382100\nE       11  chromedriver                        0x000000010132b9c4 cxxbridge1$str$ptr + 2721732\nE       12  chromedriver                        0x000000010132bb50 cxxbridge1$str$ptr + 2722128\nE       13  chromedriver                        0x000000010133acf8 cxxbridge1$str$ptr + 2783992\nE       14  libsystem_pthread.dylib             0x0000000187fa02e4 _pthread_start + 136\nE       15  libsystem_pthread.dylib             0x0000000187f9b0fc thread_start + 8\n\n/Library/Frameworks/Python.framework/Versions/3.13/lib/python3.13/site-packages/selenium/webdriver/support/wait.py:105: TimeoutException\n&#34;}], &#34;tests/test_login.py::test_empty_username_and_password&#34;: [{&#34;extras&#34;: [], &#34;result&#34;: &#34;Passed&#34;, &#34;testId&#34;: &#34;tests/test_login.py::test_empty_username_and_password&#34;, &#34;duration&#34;: &#34;00:00:09&#34;, &#34;resultsTableRow&#34;: [&#34;&lt;td class=\&#34;col-result\&#34;&gt;Passed&lt;/td&gt;&#34;, &#34;&lt;td class=\&#34;col-testId\&#34;&gt;tests/test_login.py::test_empty_username_and_password&lt;/td&gt;&#34;, &#34;&lt;td class=\&#34;col-duration\&#34;&gt;00:00:09&lt;/td&gt;&#34;, &#34;&lt;td class=\&#34;col-links\&#34;&gt;&lt;/td&gt;&#34;], &#34;log&#34;: &#34;------------------------------ Captured log call -------------------------------\nINFO     TestLogger:test_login.py:31 Testing empty username and password...\n\n&#34;}], &#34;tests/test_login.py::test_empty_username&#34;: [{&#34;extras&#34;: [], &#34;result&#34;: &#34;Passed&#34;, &#34;testId&#34;: &#34;tests/test_login.py::test_empty_username&#34;, &#34;duration&#34;: &#34;00:00:07&#34;, &#34;resultsTableRow&#34;: [&#34;&lt;td class=\&#34;col-result\&#34;&gt;Passed&lt;/td&gt;&#34;, &#34;&lt;td class=\&#34;col-testId\&#34;&gt;tests/test_login.py::test_empty_username&lt;/td&gt;&#34;, &#34;&lt;td class=\&#34;col-duration\&#34;&gt;00:00:07&lt;/td&gt;&#34;, &#34;&lt;td class=\&#34;col-links\&#34;&gt;&lt;/td&gt;&#34;], &#34;log&#34;: &#34;------------------------------ Captured log call -------------------------------\nINFO     TestLogger:test_login.py:43 Testing empty username...\n\n&#34;}], &#34;tests/test_login.py::test_empty_password&#34;: [{&#34;extras&#34;: [], &#34;result&#34;: &#34;Failed&#34;, &#34;testId&#34;: &#34;tests/test_login.py::test_empty_password&#34;, &#34;duration&#34;: &#34;00:00:20&#34;, &#34;resultsTableRow&#34;: [&#34;&lt;td class=\&#34;col-result\&#34;&gt;Failed&lt;/td&gt;&#34;, &#34;&lt;td class=\&#34;col-testId\&#34;&gt;tests/test_login.py::test_empty_password&lt;/td&gt;&#34;, &#34;&lt;td class=\&#34;col-duration\&#34;&gt;00:00:20&lt;/td&gt;&#34;, &#34;&lt;td class=\&#34;col-links\&#34;&gt;&lt;/td&gt;&#34;], &#34;log&#34;: &#34;driver = &amp;lt;selenium.webdriver.chrome.webdriver.WebDriver (session=&amp;quot;ac658597ff63b1a092416f98442b5946&amp;quot;)&amp;gt;\n\n    @pytest.mark.login\n    def test_empty_password(driver):\n        logger.info(&amp;quot;Testing empty password...&amp;quot;)\n        driver.get(&amp;quot;https://opensource-demo.orangehrmlive.com/web/index.php/auth/login&amp;quot;)\n        login_page = LoginPage(driver)\n        login_page.enter_username(&amp;quot;Admin&amp;quot;)\n        login_page.enter_password(&amp;quot;&amp;quot;)\n        login_page.click_login()\n    \n&amp;gt;       error_message = login_page.get_error_message()\n\ntests/test_login.py:62: \n_ _ _ _ _ _ _ _ _ _ _ _ _ _ _ _ _ _ _ _ _ _ _ _ _ _ _ _ _ _ _ _ _ _ _ _ _ _ _ _ _ _ _ _ _ _ _ _ _ _ _ _ _ _ _ _ _ _ _ _ _ _ _ _ _ _ _ _ _ _ _ _ _ _\npages/login_page.py:29: in get_error_message\n    return WebDriverWait(self.driver, 10).until(\n_ _ _ _ _ _ _ _ _ _ _ _ _ _ _ _ _ _ _ _ _ _ _ _ _ _ _ _ _ _ _ _ _ _ _ _ _ _ _ _ _ _ _ _ _ _ _ _ _ _ _ _ _ _ _ _ _ _ _ _ _ _ _ _ _ _ _ _ _ _ _ _ _ _\n\nself = &amp;lt;selenium.webdriver.support.wait.WebDriverWait (session=&amp;quot;ac658597ff63b1a092416f98442b5946&amp;quot;)&amp;gt;\nmethod = &amp;lt;function presence_of_element_located.&amp;lt;locals&amp;gt;._predicate at 0x10330eac0&amp;gt;, message = &amp;#x27;&amp;#x27;\n\n    def until(self, method: Callable[[D], Union[Literal[False], T]], message: str = &amp;quot;&amp;quot;) -&amp;gt; T:\n        &amp;quot;&amp;quot;&amp;quot;Calls the method provided with the driver as an argument until the \\\n        return value does not evaluate to ``False``.\n    \n        :param method: callable(WebDriver)\n        :param message: optional message for :exc:`TimeoutException`\n        :returns: the result of the last call to `method`\n        :raises: :exc:`selenium.common.exceptions.TimeoutException` if timeout occurs\n        &amp;quot;&amp;quot;&amp;quot;\n        screen = None\n        stacktrace = None\n    \n        end_time = time.monotonic() + self._timeout\n        while True:\n            try:\n                value = method(self._driver)\n                if value:\n                    return value\n            except self._ignored_exceptions as exc:\n                screen = getattr(exc, &amp;quot;screen&amp;quot;, None)\n                stacktrace = getattr(exc, &amp;quot;stacktrace&amp;quot;, None)\n            if time.monotonic() &amp;gt; end_time:\n                break\n            time.sleep(self._poll)\n&amp;gt;       raise TimeoutException(message, screen, stacktrace)\nE       selenium.common.exceptions.TimeoutException: Message: \nE       Stacktrace:\nE       0   chromedriver                        0x0000000105226e10 cxxbridge1$str$ptr + 2817040\nE       1   chromedriver                        0x000000010521f0ac cxxbridge1$str$ptr + 2784940\nE       2   chromedriver                        0x0000000104d668d8 cxxbridge1$string$len + 93028\nE       3   chromedriver                        0x0000000104dad6a0 cxxbridge1$string$len + 383276\nE       4   chromedriver                        0x0000000104dee7b8 cxxbridge1$string$len + 649796\nE       5   chromedriver                        0x0000000104da1a80 cxxbridge1$string$len + 335116\nE       6   chromedriver                        0x00000001051ebc98 cxxbridge1$str$ptr + 2575000\nE       7   chromedriver                        0x00000001051eef64 cxxbridge1$str$ptr + 2588004\nE       8   chromedriver                        0x00000001051cba20 cxxbridge1$str$ptr + 2443296\nE       9   chromedriver                        0x00000001051ef7e0 cxxbridge1$str$ptr + 2590176\nE       10  chromedriver                        0x00000001051bcb14 cxxbridge1$str$ptr + 2382100\nE       11  chromedriver                        0x000000010520f9c4 cxxbridge1$str$ptr + 2721732\nE       12  chromedriver                        0x000000010520fb50 cxxbridge1$str$ptr + 2722128\nE       13  chromedriver                        0x000000010521ecf8 cxxbridge1$str$ptr + 2783992\nE       14  libsystem_pthread.dylib             0x0000000187fa02e4 _pthread_start + 136\nE       15  libsystem_pthread.dylib             0x0000000187f9b0fc thread_start + 8\n\n/Library/Frameworks/Python.framework/Versions/3.13/lib/python3.13/site-packages/selenium/webdriver/support/wait.py:105: TimeoutException\n\n------------------------------ Captured log call -------------------------------\nINFO     TestLogger:test_login.py:55 Testing empty password...\n\n&#34;}], &#34;tests/test_login.py::test_logout_functionality&#34;: [{&#34;extras&#34;: [], &#34;result&#34;: &#34;Failed&#34;, &#34;testId&#34;: &#34;tests/test_login.py::test_logout_functionality&#34;, &#34;duration&#34;: &#34;00:00:09&#34;, &#34;resultsTableRow&#34;: [&#34;&lt;td class=\&#34;col-result\&#34;&gt;Failed&lt;/td&gt;&#34;, &#34;&lt;td class=\&#34;col-testId\&#34;&gt;tests/test_login.py::test_logout_functionality&lt;/td&gt;&#34;, &#34;&lt;td class=\&#34;col-duration\&#34;&gt;00:00:09&lt;/td&gt;&#34;, &#34;&lt;td class=\&#34;col-links\&#34;&gt;&lt;/td&gt;&#34;], &#34;log&#34;: &#34;driver = &amp;lt;selenium.webdriver.chrome.webdriver.WebDriver (session=&amp;quot;b25430de62fe60170c28de9db1449d32&amp;quot;)&amp;gt;\n\n    @pytest.mark.login\n    def test_logout_functionality(driver):\n        logger.info(&amp;quot;Testing logout functionality...&amp;quot;)\n        driver.get(&amp;quot;https://opensource-demo.orangehrmlive.com/web/index.php/auth/login&amp;quot;)\n        login_page = LoginPage(driver)\n        login_page.enter_username(&amp;quot;Admin&amp;quot;)\n        login_page.enter_password(&amp;quot;admin123&amp;quot;)\n        login_page.click_login()\n    \n        # Logout process\n&amp;gt;       logout_button = driver.find_element(By.XPATH, &amp;quot;//p[@class=&amp;#x27;oxd-userdropdown-name&amp;#x27;]&amp;quot;)\n\ntests/test_login.py:75: \n_ _ _ _ _ _ _ _ _ _ _ _ _ _ _ _ _ _ _ _ _ _ _ _ _ _ _ _ _ _ _ _ _ _ _ _ _ _ _ _ _ _ _ _ _ _ _ _ _ _ _ _ _ _ _ _ _ _ _ _ _ _ _ _ _ _ _ _ _ _ _ _ _ _\n/Library/Frameworks/Python.framework/Versions/3.13/lib/python3.13/site-packages/selenium/webdriver/remote/webdriver.py:770: in find_element\n    return self.execute(Command.FIND_ELEMENT, {&amp;quot;using&amp;quot;: by, &amp;quot;value&amp;quot;: value})[&amp;quot;value&amp;quot;]\n/Library/Frameworks/Python.framework/Versions/3.13/lib/python3.13/site-packages/selenium/webdriver/remote/webdriver.py:384: in execute\n    self.error_handler.check_response(response)\n_ _ _ _ _ _ _ _ _ _ _ _ _ _ _ _ _ _ _ _ _ _ _ _ _ _ _ _ _ _ _ _ _ _ _ _ _ _ _ _ _ _ _ _ _ _ _ _ _ _ _ _ _ _ _ _ _ _ _ _ _ _ _ _ _ _ _ _ _ _ _ _ _ _\n\nself = &amp;lt;selenium.webdriver.remote.errorhandler.ErrorHandler object at 0x1032ddd90&amp;gt;\nresponse = {&amp;#x27;status&amp;#x27;: 404, &amp;#x27;value&amp;#x27;: &amp;#x27;{&amp;quot;value&amp;quot;:{&amp;quot;error&amp;quot;:&amp;quot;no such element&amp;quot;,&amp;quot;message&amp;quot;:&amp;quot;no such element: Unable to locate element: {\\...000187fa02e4 _pthread_start + 136\\\\n15  libsystem_pthread.dylib             0x0000000187f9b0fc thread_start + 8\\\\n&amp;quot;}}&amp;#x27;}\n\n    def check_response(self, response: Dict[str, Any]) -&amp;gt; None:\n        &amp;quot;&amp;quot;&amp;quot;Checks that a JSON response from the WebDriver does not have an\n        error.\n    \n        :Args:\n         - response - The JSON response from the WebDriver server as a dictionary\n           object.\n    \n        :Raises: If the response contains an error message.\n        &amp;quot;&amp;quot;&amp;quot;\n        status = response.get(&amp;quot;status&amp;quot;, None)\n        if not status or status == ErrorCode.SUCCESS:\n            return\n        value = None\n        message = response.get(&amp;quot;message&amp;quot;, &amp;quot;&amp;quot;)\n        screen: str = response.get(&amp;quot;screen&amp;quot;, &amp;quot;&amp;quot;)\n        stacktrace = None\n        if isinstance(status, int):\n            value_json = response.get(&amp;quot;value&amp;quot;, None)\n            if value_json and isinstance(value_json, str):\n                import json\n    \n                try:\n                    value = json.loads(value_json)\n                    if len(value) == 1:\n                        value = value[&amp;quot;value&amp;quot;]\n                    status = value.get(&amp;quot;error&amp;quot;, None)\n                    if not status:\n                        status = value.get(&amp;quot;status&amp;quot;, ErrorCode.UNKNOWN_ERROR)\n                        message = value.get(&amp;quot;value&amp;quot;) or value.get(&amp;quot;message&amp;quot;)\n                        if not isinstance(message, str):\n                            value = message\n                            message = message.get(&amp;quot;message&amp;quot;)\n                    else:\n                        message = value.get(&amp;quot;message&amp;quot;, None)\n                except ValueError:\n                    pass\n    \n        exception_class: Type[WebDriverException]\n        e = ErrorCode()\n        error_codes = [item for item in dir(e) if not item.startswith(&amp;quot;__&amp;quot;)]\n        for error_code in error_codes:\n            error_info = getattr(ErrorCode, error_code)\n            if isinstance(error_info, list) and status in error_info:\n                exception_class = getattr(ExceptionMapping, error_code, WebDriverException)\n                break\n        else:\n            exception_class = WebDriverException\n    \n        if not value:\n            value = response[&amp;quot;value&amp;quot;]\n        if isinstance(value, str):\n            raise exception_class(value)\n        if message == &amp;quot;&amp;quot; and &amp;quot;message&amp;quot; in value:\n            message = value[&amp;quot;message&amp;quot;]\n    \n        screen = None  # type: ignore[assignment]\n        if &amp;quot;screen&amp;quot; in value:\n            screen = value[&amp;quot;screen&amp;quot;]\n    \n        stacktrace = None\n        st_value = value.get(&amp;quot;stackTrace&amp;quot;) or value.get(&amp;quot;stacktrace&amp;quot;)\n        if st_value:\n            if isinstance(st_value, str):\n                stacktrace = st_value.split(&amp;quot;\\n&amp;quot;)\n            else:\n                stacktrace = []\n                try:\n                    for frame in st_value:\n                        line = frame.get(&amp;quot;lineNumber&amp;quot;, &amp;quot;&amp;quot;)\n                        file = frame.get(&amp;quot;fileName&amp;quot;, &amp;quot;&amp;lt;anonymous&amp;gt;&amp;quot;)\n                        if line:\n                            file = f&amp;quot;{file}:{line}&amp;quot;\n                        meth = frame.get(&amp;quot;methodName&amp;quot;, &amp;quot;&amp;lt;anonymous&amp;gt;&amp;quot;)\n                        if &amp;quot;className&amp;quot; in frame:\n                            meth = f&amp;quot;{frame[&amp;#x27;className&amp;#x27;]}.{meth}&amp;quot;\n                        msg = &amp;quot;    at %s (%s)&amp;quot;\n                        msg = msg % (meth, file)\n                        stacktrace.append(msg)\n                except TypeError:\n                    pass\n        if exception_class == UnexpectedAlertPresentException:\n            alert_text = None\n            if &amp;quot;data&amp;quot; in value:\n                alert_text = value[&amp;quot;data&amp;quot;].get(&amp;quot;text&amp;quot;)\n            elif &amp;quot;alert&amp;quot; in value:\n                alert_text = value[&amp;quot;alert&amp;quot;].get(&amp;quot;text&amp;quot;)\n            raise exception_class(message, screen, stacktrace, alert_text)  # type: ignore[call-arg]  # mypy is not smart enough here\n&amp;gt;       raise exception_class(message, screen, stacktrace)\nE       selenium.common.exceptions.NoSuchElementException: Message: no such element: Unable to locate element: {&amp;quot;method&amp;quot;:&amp;quot;xpath&amp;quot;,&amp;quot;selector&amp;quot;:&amp;quot;//p[@class=&amp;#x27;oxd-userdropdown-name&amp;#x27;]&amp;quot;}\nE         (Session info: chrome=135.0.7049.96); For documentation on this error, please visit: https://www.selenium.dev/documentation/webdriver/troubleshooting/errors#no-such-element-exception\nE       Stacktrace:\nE       0   chromedriver                        0x000000010105ae10 cxxbridge1$str$ptr + 2817040\nE       1   chromedriver                        0x00000001010530ac cxxbridge1$str$ptr + 2784940\nE       2   chromedriver                        0x0000000100b9a8d8 cxxbridge1$string$len + 93028\nE       3   chromedriver                        0x0000000100be16a0 cxxbridge1$string$len + 383276\nE       4   chromedriver                        0x0000000100c227b8 cxxbridge1$string$len + 649796\nE       5   chromedriver                        0x0000000100bd5a80 cxxbridge1$string$len + 335116\nE       6   chromedriver                        0x000000010101fc98 cxxbridge1$str$ptr + 2575000\nE       7   chromedriver                        0x0000000101022f64 cxxbridge1$str$ptr + 2588004\nE       8   chromedriver                        0x0000000100fffa20 cxxbridge1$str$ptr + 2443296\nE       9   chromedriver                        0x00000001010237e0 cxxbridge1$str$ptr + 2590176\nE       10  chromedriver                        0x0000000100ff0b14 cxxbridge1$str$ptr + 2382100\nE       11  chromedriver                        0x00000001010439c4 cxxbridge1$str$ptr + 2721732\nE       12  chromedriver                        0x0000000101043b50 cxxbridge1$str$ptr + 2722128\nE       13  chromedriver                        0x0000000101052cf8 cxxbridge1$str$ptr + 2783992\nE       14  libsystem_pthread.dylib             0x0000000187fa02e4 _pthread_start + 136\nE       15  libsystem_pthread.dylib             0x0000000187f9b0fc thread_start + 8\n\n/Library/Frameworks/Python.framework/Versions/3.13/lib/python3.13/site-packages/selenium/webdriver/remote/errorhandler.py:232: NoSuchElementException\n\n------------------------------ Captured log call -------------------------------\nINFO     TestLogger:test_login.py:67 Testing logout functionality...\n\n&#34;}], &#34;tests/test_login.py::test_login_with_special_characters&#34;: [{&#34;extras&#34;: [], &#34;result&#34;: &#34;Failed&#34;, &#34;testId&#34;: &#34;tests/test_login.py::test_login_with_special_characters&#34;, &#34;duration&#34;: &#34;00:00:19&#34;, &#34;resultsTableRow&#34;: [&#34;&lt;td class=\&#34;col-result\&#34;&gt;Failed&lt;/td&gt;&#34;, &#34;&lt;td class=\&#34;col-testId\&#34;&gt;tests/test_login.py::test_login_with_special_characters&lt;/td&gt;&#34;, &#34;&lt;td class=\&#34;col-duration\&#34;&gt;00:00:19&lt;/td&gt;&#34;, &#34;&lt;td class=\&#34;col-links\&#34;&gt;&lt;/td&gt;&#34;], &#34;log&#34;: &#34;driver = &amp;lt;selenium.webdriver.chrome.webdriver.WebDriver (session=&amp;quot;eb2d3d129ce90961263e3a00dd22c640&amp;quot;)&amp;gt;\n\n    @pytest.mark.login\n    def test_login_with_special_characters(driver):\n        logger.info(&amp;quot;Testing login with special characters in username...&amp;quot;)\n        driver.get(&amp;quot;https://opensource-demo.orangehrmlive.com/web/index.php/auth/login&amp;quot;)\n        login_page = LoginPage(driver)\n        login_page.enter_username(&amp;quot;!@#$%^&amp;amp;*()&amp;quot;)\n        login_page.enter_password(&amp;quot;admin123&amp;quot;)\n        login_page.click_login()\n    \n&amp;gt;       error_message = login_page.get_error_message()\n\ntests/test_login.py:91: \n_ _ _ _ _ _ _ _ _ _ _ _ _ _ _ _ _ _ _ _ _ _ _ _ _ _ _ _ _ _ _ _ _ _ _ _ _ _ _ _ _ _ _ _ _ _ _ _ _ _ _ _ _ _ _ _ _ _ _ _ _ _ _ _ _ _ _ _ _ _ _ _ _ _\npages/login_page.py:29: in get_error_message\n    return WebDriverWait(self.driver, 10).until(\n_ _ _ _ _ _ _ _ _ _ _ _ _ _ _ _ _ _ _ _ _ _ _ _ _ _ _ _ _ _ _ _ _ _ _ _ _ _ _ _ _ _ _ _ _ _ _ _ _ _ _ _ _ _ _ _ _ _ _ _ _ _ _ _ _ _ _ _ _ _ _ _ _ _\n\nself = &amp;lt;selenium.webdriver.support.wait.WebDriverWait (session=&amp;quot;eb2d3d129ce90961263e3a00dd22c640&amp;quot;)&amp;gt;\nmethod = &amp;lt;function presence_of_element_located.&amp;lt;locals&amp;gt;._predicate at 0x10330fb00&amp;gt;, message = &amp;#x27;&amp;#x27;\n\n    def until(self, method: Callable[[D], Union[Literal[False], T]], message: str = &amp;quot;&amp;quot;) -&amp;gt; T:\n        &amp;quot;&amp;quot;&amp;quot;Calls the method provided with the driver as an argument until the \\\n        return value does not evaluate to ``False``.\n    \n        :param method: callable(WebDriver)\n        :param message: optional message for :exc:`TimeoutException`\n        :returns: the result of the last call to `method`\n        :raises: :exc:`selenium.common.exceptions.TimeoutException` if timeout occurs\n        &amp;quot;&amp;quot;&amp;quot;\n        screen = None\n        stacktrace = None\n    \n        end_time = time.monotonic() + self._timeout\n        while True:\n            try:\n                value = method(self._driver)\n                if value:\n                    return value\n            except self._ignored_exceptions as exc:\n                screen = getattr(exc, &amp;quot;screen&amp;quot;, None)\n                stacktrace = getattr(exc, &amp;quot;stacktrace&amp;quot;, None)\n            if time.monotonic() &amp;gt; end_time:\n                break\n            time.sleep(self._poll)\n&amp;gt;       raise TimeoutException(message, screen, stacktrace)\nE       selenium.common.exceptions.TimeoutException: Message: \nE       Stacktrace:\nE       0   chromedriver                        0x0000000102d8ee10 cxxbridge1$str$ptr + 2817040\nE       1   chromedriver                        0x0000000102d870ac cxxbridge1$str$ptr + 2784940\nE       2   chromedriver                        0x00000001028ce8d8 cxxbridge1$string$len + 93028\nE       3   chromedriver                        0x00000001029156a0 cxxbridge1$string$len + 383276\nE       4   chromedriver                        0x00000001029567b8 cxxbridge1$string$len + 649796\nE       5   chromedriver                        0x0000000102909a80 cxxbridge1$string$len + 335116\nE       6   chromedriver                        0x0000000102d53c98 cxxbridge1$str$ptr + 2575000\nE       7   chromedriver                        0x0000000102d56f64 cxxbridge1$str$ptr + 2588004\nE       8   chromedriver                        0x0000000102d33a20 cxxbridge1$str$ptr + 2443296\nE       9   chromedriver                        0x0000000102d577e0 cxxbridge1$str$ptr + 2590176\nE       10  chromedriver                        0x0000000102d24b14 cxxbridge1$str$ptr + 2382100\nE       11  chromedriver                        0x0000000102d779c4 cxxbridge1$str$ptr + 2721732\nE       12  chromedriver                        0x0000000102d77b50 cxxbridge1$str$ptr + 2722128\nE       13  chromedriver                        0x0000000102d86cf8 cxxbridge1$str$ptr + 2783992\nE       14  libsystem_pthread.dylib             0x0000000187fa02e4 _pthread_start + 136\nE       15  libsystem_pthread.dylib             0x0000000187f9b0fc thread_start + 8\n\n/Library/Frameworks/Python.framework/Versions/3.13/lib/python3.13/site-packages/selenium/webdriver/support/wait.py:105: TimeoutException\n\n------------------------------ Captured log call -------------------------------\nINFO     TestLogger:test_login.py:84 Testing login with special characters in username...\n\n&#34;}], &#34;tests/test_login.py::test_login_with_max_length_inputs&#34;: [{&#34;extras&#34;: [], &#34;result&#34;: &#34;Failed&#34;, &#34;testId&#34;: &#34;tests/test_login.py::test_login_with_max_length_inputs&#34;, &#34;duration&#34;: &#34;00:00:18&#34;, &#34;resultsTableRow&#34;: [&#34;&lt;td class=\&#34;col-result\&#34;&gt;Failed&lt;/td&gt;&#34;, &#34;&lt;td class=\&#34;col-testId\&#34;&gt;tests/test_login.py::test_login_with_max_length_inputs&lt;/td&gt;&#34;, &#34;&lt;td class=\&#34;col-duration\&#34;&gt;00:00:18&lt;/td&gt;&#34;, &#34;&lt;td class=\&#34;col-links\&#34;&gt;&lt;/td&gt;&#34;], &#34;log&#34;: &#34;driver = &amp;lt;selenium.webdriver.chrome.webdriver.WebDriver (session=&amp;quot;eb121e1ce88742569b2341c0bcff8af0&amp;quot;)&amp;gt;\n\n    @pytest.mark.login\n    def test_login_with_max_length_inputs(driver):\n        logger.info(&amp;quot;Testing login with maximum input length...&amp;quot;)\n        driver.get(&amp;quot;https://opensource-demo.orangehrmlive.com/web/index.php/auth/login&amp;quot;)\n    \n        max_length_username = &amp;quot;a&amp;quot; * 255\n        max_length_password = &amp;quot;b&amp;quot; * 255\n    \n        login_page = LoginPage(driver)\n        login_page.enter_username(max_length_username)\n        login_page.enter_password(max_length_password)\n        login_page.click_login()\n    \n&amp;gt;       error_message = login_page.get_error_message()\n\ntests/test_login.py:107: \n_ _ _ _ _ _ _ _ _ _ _ _ _ _ _ _ _ _ _ _ _ _ _ _ _ _ _ _ _ _ _ _ _ _ _ _ _ _ _ _ _ _ _ _ _ _ _ _ _ _ _ _ _ _ _ _ _ _ _ _ _ _ _ _ _ _ _ _ _ _ _ _ _ _\npages/login_page.py:29: in get_error_message\n    return WebDriverWait(self.driver, 10).until(\n_ _ _ _ _ _ _ _ _ _ _ _ _ _ _ _ _ _ _ _ _ _ _ _ _ _ _ _ _ _ _ _ _ _ _ _ _ _ _ _ _ _ _ _ _ _ _ _ _ _ _ _ _ _ _ _ _ _ _ _ _ _ _ _ _ _ _ _ _ _ _ _ _ _\n\nself = &amp;lt;selenium.webdriver.support.wait.WebDriverWait (session=&amp;quot;eb121e1ce88742569b2341c0bcff8af0&amp;quot;)&amp;gt;\nmethod = &amp;lt;function presence_of_element_located.&amp;lt;locals&amp;gt;._predicate at 0x10330e200&amp;gt;, message = &amp;#x27;&amp;#x27;\n\n    def until(self, method: Callable[[D], Union[Literal[False], T]], message: str = &amp;quot;&amp;quot;) -&amp;gt; T:\n        &amp;quot;&amp;quot;&amp;quot;Calls the method provided with the driver as an argument until the \\\n        return value does not evaluate to ``False``.\n    \n        :param method: callable(WebDriver)\n        :param message: optional message for :exc:`TimeoutException`\n        :returns: the result of the last call to `method`\n        :raises: :exc:`selenium.common.exceptions.TimeoutException` if timeout occurs\n        &amp;quot;&amp;quot;&amp;quot;\n        screen = None\n        stacktrace = None\n    \n        end_time = time.monotonic() + self._timeout\n        while True:\n            try:\n                value = method(self._driver)\n                if value:\n                    return value\n            except self._ignored_exceptions as exc:\n                screen = getattr(exc, &amp;quot;screen&amp;quot;, None)\n                stacktrace = getattr(exc, &amp;quot;stacktrace&amp;quot;, None)\n            if time.monotonic() &amp;gt; end_time:\n                break\n            time.sleep(self._poll)\n&amp;gt;       raise TimeoutException(message, screen, stacktrace)\nE       selenium.common.exceptions.TimeoutException: Message: \nE       Stacktrace:\nE       0   chromedriver                        0x0000000102b46e10 cxxbridge1$str$ptr + 2817040\nE       1   chromedriver                        0x0000000102b3f0ac cxxbridge1$str$ptr + 2784940\nE       2   chromedriver                        0x00000001026868d8 cxxbridge1$string$len + 93028\nE       3   chromedriver                        0x00000001026cd6a0 cxxbridge1$string$len + 383276\nE       4   chromedriver                        0x000000010270e7b8 cxxbridge1$string$len + 649796\nE       5   chromedriver                        0x00000001026c1a80 cxxbridge1$string$len + 335116\nE       6   chromedriver                        0x0000000102b0bc98 cxxbridge1$str$ptr + 2575000\nE       7   chromedriver                        0x0000000102b0ef64 cxxbridge1$str$ptr + 2588004\nE       8   chromedriver                        0x0000000102aeba20 cxxbridge1$str$ptr + 2443296\nE       9   chromedriver                        0x0000000102b0f7e0 cxxbridge1$str$ptr + 2590176\nE       10  chromedriver                        0x0000000102adcb14 cxxbridge1$str$ptr + 2382100\nE       11  chromedriver                        0x0000000102b2f9c4 cxxbridge1$str$ptr + 2721732\nE       12  chromedriver                        0x0000000102b2fb50 cxxbridge1$str$ptr + 2722128\nE       13  chromedriver                        0x0000000102b3ecf8 cxxbridge1$str$ptr + 2783992\nE       14  libsystem_pthread.dylib             0x0000000187fa02e4 _pthread_start + 136\nE       15  libsystem_pthread.dylib             0x0000000187f9b0fc thread_start + 8\n\n/Library/Frameworks/Python.framework/Versions/3.13/lib/python3.13/site-packages/selenium/webdriver/support/wait.py:105: TimeoutException\n\n------------------------------ Captured log call -------------------------------\nINFO     TestLogger:test_login.py:96 Testing login with maximum input length...\n\n&#34;}], &#34;tests/test_login.py::test_login_with_sql_injection&#34;: [{&#34;extras&#34;: [], &#34;result&#34;: &#34;Failed&#34;, &#34;testId&#34;: &#34;tests/test_login.py::test_login_with_sql_injection&#34;, &#34;duration&#34;: &#34;00:00:20&#34;, &#34;resultsTableRow&#34;: [&#34;&lt;td class=\&#34;col-result\&#34;&gt;Failed&lt;/td&gt;&#34;, &#34;&lt;td class=\&#34;col-testId\&#34;&gt;tests/test_login.py::test_login_with_sql_injection&lt;/td&gt;&#34;, &#34;&lt;td class=\&#34;col-duration\&#34;&gt;00:00:20&lt;/td&gt;&#34;, &#34;&lt;td class=\&#34;col-links\&#34;&gt;&lt;/td&gt;&#34;], &#34;log&#34;: &#34;driver = &amp;lt;selenium.webdriver.chrome.webdriver.WebDriver (session=&amp;quot;596e3fdb0aed1f9d2250288bf54066e0&amp;quot;)&amp;gt;\n\n    @pytest.mark.login\n    def test_login_with_sql_injection(driver):\n        logger.info(&amp;quot;Testing login with SQL injection attempt...&amp;quot;)\n        driver.get(&amp;quot;https://opensource-demo.orangehrmlive.com/web/index.php/auth/login&amp;quot;)\n    \n        sql_injection_username = &amp;quot;&amp;#x27; OR &amp;#x27;1&amp;#x27;=&amp;#x27;1&amp;quot;\n        sql_injection_password = &amp;quot;&amp;#x27; OR &amp;#x27;1&amp;#x27;=&amp;#x27;1&amp;quot;\n    \n        login_page = LoginPage(driver)\n        login_page.enter_username(sql_injection_username)\n        login_page.enter_password(sql_injection_password)\n        login_page.click_login()\n    \n&amp;gt;       error_message = login_page.get_error_message()\n\ntests/test_login.py:123: \n_ _ _ _ _ _ _ _ _ _ _ _ _ _ _ _ _ _ _ _ _ _ _ _ _ _ _ _ _ _ _ _ _ _ _ _ _ _ _ _ _ _ _ _ _ _ _ _ _ _ _ _ _ _ _ _ _ _ _ _ _ _ _ _ _ _ _ _ _ _ _ _ _ _\npages/login_page.py:29: in get_error_message\n    return WebDriverWait(self.driver, 10).until(\n_ _ _ _ _ _ _ _ _ _ _ _ _ _ _ _ _ _ _ _ _ _ _ _ _ _ _ _ _ _ _ _ _ _ _ _ _ _ _ _ _ _ _ _ _ _ _ _ _ _ _ _ _ _ _ _ _ _ _ _ _ _ _ _ _ _ _ _ _ _ _ _ _ _\n\nself = &amp;lt;selenium.webdriver.support.wait.WebDriverWait (session=&amp;quot;596e3fdb0aed1f9d2250288bf54066e0&amp;quot;)&amp;gt;\nmethod = &amp;lt;function presence_of_element_located.&amp;lt;locals&amp;gt;._predicate at 0x10330f7e0&amp;gt;, message = &amp;#x27;&amp;#x27;\n\n    def until(self, method: Callable[[D], Union[Literal[False], T]], message: str = &amp;quot;&amp;quot;) -&amp;gt; T:\n        &amp;quot;&amp;quot;&amp;quot;Calls the method provided with the driver as an argument until the \\\n        return value does not evaluate to ``False``.\n    \n        :param method: callable(WebDriver)\n        :param message: optional message for :exc:`TimeoutException`\n        :returns: the result of the last call to `method`\n        :raises: :exc:`selenium.common.exceptions.TimeoutException` if timeout occurs\n        &amp;quot;&amp;quot;&amp;quot;\n        screen = None\n        stacktrace = None\n    \n        end_time = time.monotonic() + self._timeout\n        while True:\n            try:\n                value = method(self._driver)\n                if value:\n                    return value\n            except self._ignored_exceptions as exc:\n                screen = getattr(exc, &amp;quot;screen&amp;quot;, None)\n                stacktrace = getattr(exc, &amp;quot;stacktrace&amp;quot;, None)\n            if time.monotonic() &amp;gt; end_time:\n                break\n            time.sleep(self._poll)\n&amp;gt;       raise TimeoutException(message, screen, stacktrace)\nE       selenium.common.exceptions.TimeoutException: Message: \nE       Stacktrace:\nE       0   chromedriver                        0x00000001028e6e10 cxxbridge1$str$ptr + 2817040\nE       1   chromedriver                        0x00000001028df0ac cxxbridge1$str$ptr + 2784940\nE       2   chromedriver                        0x00000001024268d8 cxxbridge1$string$len + 93028\nE       3   chromedriver                        0x000000010246d6a0 cxxbridge1$string$len + 383276\nE       4   chromedriver                        0x00000001024ae7b8 cxxbridge1$string$len + 649796\nE       5   chromedriver                        0x0000000102461a80 cxxbridge1$string$len + 335116\nE       6   chromedriver                        0x00000001028abc98 cxxbridge1$str$ptr + 2575000\nE       7   chromedriver                        0x00000001028aef64 cxxbridge1$str$ptr + 2588004\nE       8   chromedriver                        0x000000010288ba20 cxxbridge1$str$ptr + 2443296\nE       9   chromedriver                        0x00000001028af7e0 cxxbridge1$str$ptr + 2590176\nE       10  chromedriver                        0x000000010287cb14 cxxbridge1$str$ptr + 2382100\nE       11  chromedriver                        0x00000001028cf9c4 cxxbridge1$str$ptr + 2721732\nE       12  chromedriver                        0x00000001028cfb50 cxxbridge1$str$ptr + 2722128\nE       13  chromedriver                        0x00000001028decf8 cxxbridge1$str$ptr + 2783992\nE       14  libsystem_pthread.dylib             0x0000000187fa02e4 _pthread_start + 136\nE       15  libsystem_pthread.dylib             0x0000000187f9b0fc thread_start + 8\n\n/Library/Frameworks/Python.framework/Versions/3.13/lib/python3.13/site-packages/selenium/webdriver/support/wait.py:105: TimeoutException\n\n------------------------------ Captured log call -------------------------------\nINFO     TestLogger:test_login.py:112 Testing login with SQL injection attempt...\n\n&#34;}], &#34;tests/test_login.py::test_login_button_disabled_without_input&#34;: [{&#34;extras&#34;: [], &#34;result&#34;: &#34;Failed&#34;, &#34;testId&#34;: &#34;tests/test_login.py::test_login_button_disabled_without_input&#34;, &#34;duration&#34;: &#34;00:00:08&#34;, &#34;resultsTableRow&#34;: [&#34;&lt;td class=\&#34;col-result\&#34;&gt;Failed&lt;/td&gt;&#34;, &#34;&lt;td class=\&#34;col-testId\&#34;&gt;tests/test_login.py::test_login_button_disabled_without_input&lt;/td&gt;&#34;, &#34;&lt;td class=\&#34;col-duration\&#34;&gt;00:00:08&lt;/td&gt;&#34;, &#34;&lt;td class=\&#34;col-links\&#34;&gt;&lt;/td&gt;&#34;], &#34;log&#34;: &#34;driver = &amp;lt;selenium.webdriver.chrome.webdriver.WebDriver (session=&amp;quot;5b2d01c77df2fc53b33a32b1adbaf66f&amp;quot;)&amp;gt;\n\n    @pytest.mark.login\n    def test_login_button_disabled_without_input(driver):\n        logger.info(&amp;quot;Testing if login button is disabled without input...&amp;quot;)\n        driver.get(&amp;quot;https://opensource-demo.orangehrmlive.com/web/index.php/auth/login&amp;quot;)\n    \n&amp;gt;       login_button = driver.find_element(By.XPATH, &amp;quot;//*[@id=&amp;#x27;app&amp;#x27;]/div[1]/div/div[1]/div/div[2]/div[2]/form/div[3]/button&amp;quot;)\n\ntests/test_login.py:131: \n_ _ _ _ _ _ _ _ _ _ _ _ _ _ _ _ _ _ _ _ _ _ _ _ _ _ _ _ _ _ _ _ _ _ _ _ _ _ _ _ _ _ _ _ _ _ _ _ _ _ _ _ _ _ _ _ _ _ _ _ _ _ _ _ _ _ _ _ _ _ _ _ _ _\n/Library/Frameworks/Python.framework/Versions/3.13/lib/python3.13/site-packages/selenium/webdriver/remote/webdriver.py:770: in find_element\n    return self.execute(Command.FIND_ELEMENT, {&amp;quot;using&amp;quot;: by, &amp;quot;value&amp;quot;: value})[&amp;quot;value&amp;quot;]\n/Library/Frameworks/Python.framework/Versions/3.13/lib/python3.13/site-packages/selenium/webdriver/remote/webdriver.py:384: in execute\n    self.error_handler.check_response(response)\n_ _ _ _ _ _ _ _ _ _ _ _ _ _ _ _ _ _ _ _ _ _ _ _ _ _ _ _ _ _ _ _ _ _ _ _ _ _ _ _ _ _ _ _ _ _ _ _ _ _ _ _ _ _ _ _ _ _ _ _ _ _ _ _ _ _ _ _ _ _ _ _ _ _\n\nself = &amp;lt;selenium.webdriver.remote.errorhandler.ErrorHandler object at 0x1035bd350&amp;gt;\nresponse = {&amp;#x27;status&amp;#x27;: 404, &amp;#x27;value&amp;#x27;: &amp;#x27;{&amp;quot;value&amp;quot;:{&amp;quot;error&amp;quot;:&amp;quot;no such element&amp;quot;,&amp;quot;message&amp;quot;:&amp;quot;no such element: Unable to locate element: {\\...000187fa02e4 _pthread_start + 136\\\\n15  libsystem_pthread.dylib             0x0000000187f9b0fc thread_start + 8\\\\n&amp;quot;}}&amp;#x27;}\n\n    def check_response(self, response: Dict[str, Any]) -&amp;gt; None:\n        &amp;quot;&amp;quot;&amp;quot;Checks that a JSON response from the WebDriver does not have an\n        error.\n    \n        :Args:\n         - response - The JSON response from the WebDriver server as a dictionary\n           object.\n    \n        :Raises: If the response contains an error message.\n        &amp;quot;&amp;quot;&amp;quot;\n        status = response.get(&amp;quot;status&amp;quot;, None)\n        if not status or status == ErrorCode.SUCCESS:\n            return\n        value = None\n        message = response.get(&amp;quot;message&amp;quot;, &amp;quot;&amp;quot;)\n        screen: str = response.get(&amp;quot;screen&amp;quot;, &amp;quot;&amp;quot;)\n        stacktrace = None\n        if isinstance(status, int):\n            value_json = response.get(&amp;quot;value&amp;quot;, None)\n            if value_json and isinstance(value_json, str):\n                import json\n    \n                try:\n                    value = json.loads(value_json)\n                    if len(value) == 1:\n                        value = value[&amp;quot;value&amp;quot;]\n                    status = value.get(&amp;quot;error&amp;quot;, None)\n                    if not status:\n                        status = value.get(&amp;quot;status&amp;quot;, ErrorCode.UNKNOWN_ERROR)\n                        message = value.get(&amp;quot;value&amp;quot;) or value.get(&amp;quot;message&amp;quot;)\n                        if not isinstance(message, str):\n                            value = message\n                            message = message.get(&amp;quot;message&amp;quot;)\n                    else:\n                        message = value.get(&amp;quot;message&amp;quot;, None)\n                except ValueError:\n                    pass\n    \n        exception_class: Type[WebDriverException]\n        e = ErrorCode()\n        error_codes = [item for item in dir(e) if not item.startswith(&amp;quot;__&amp;quot;)]\n        for error_code in error_codes:\n            error_info = getattr(ErrorCode, error_code)\n            if isinstance(error_info, list) and status in error_info:\n                exception_class = getattr(ExceptionMapping, error_code, WebDriverException)\n                break\n        else:\n            exception_class = WebDriverException\n    \n        if not value:\n            value = response[&amp;quot;value&amp;quot;]\n        if isinstance(value, str):\n            raise exception_class(value)\n        if message == &amp;quot;&amp;quot; and &amp;quot;message&amp;quot; in value:\n            message = value[&amp;quot;message&amp;quot;]\n    \n        screen = None  # type: ignore[assignment]\n        if &amp;quot;screen&amp;quot; in value:\n            screen = value[&amp;quot;screen&amp;quot;]\n    \n        stacktrace = None\n        st_value = value.get(&amp;quot;stackTrace&amp;quot;) or value.get(&amp;quot;stacktrace&amp;quot;)\n        if st_value:\n            if isinstance(st_value, str):\n                stacktrace = st_value.split(&amp;quot;\\n&amp;quot;)\n            else:\n                stacktrace = []\n                try:\n                    for frame in st_value:\n                        line = frame.get(&amp;quot;lineNumber&amp;quot;, &amp;quot;&amp;quot;)\n                        file = frame.get(&amp;quot;fileName&amp;quot;, &amp;quot;&amp;lt;anonymous&amp;gt;&amp;quot;)\n                        if line:\n                            file = f&amp;quot;{file}:{line}&amp;quot;\n                        meth = frame.get(&amp;quot;methodName&amp;quot;, &amp;quot;&amp;lt;anonymous&amp;gt;&amp;quot;)\n                        if &amp;quot;className&amp;quot; in frame:\n                            meth = f&amp;quot;{frame[&amp;#x27;className&amp;#x27;]}.{meth}&amp;quot;\n                        msg = &amp;quot;    at %s (%s)&amp;quot;\n                        msg = msg % (meth, file)\n                        stacktrace.append(msg)\n                except TypeError:\n                    pass\n        if exception_class == UnexpectedAlertPresentException:\n            alert_text = None\n            if &amp;quot;data&amp;quot; in value:\n                alert_text = value[&amp;quot;data&amp;quot;].get(&amp;quot;text&amp;quot;)\n            elif &amp;quot;alert&amp;quot; in value:\n                alert_text = value[&amp;quot;alert&amp;quot;].get(&amp;quot;text&amp;quot;)\n            raise exception_class(message, screen, stacktrace, alert_text)  # type: ignore[call-arg]  # mypy is not smart enough here\n&amp;gt;       raise exception_class(message, screen, stacktrace)\nE       selenium.common.exceptions.NoSuchElementException: Message: no such element: Unable to locate element: {&amp;quot;method&amp;quot;:&amp;quot;xpath&amp;quot;,&amp;quot;selector&amp;quot;:&amp;quot;//*[@id=&amp;#x27;app&amp;#x27;]/div[1]/div/div[1]/div/div[2]/div[2]/form/div[3]/button&amp;quot;}\nE         (Session info: chrome=135.0.7049.96); For documentation on this error, please visit: https://www.selenium.dev/documentation/webdriver/troubleshooting/errors#no-such-element-exception\nE       Stacktrace:\nE       0   chromedriver                        0x0000000100ba6e10 cxxbridge1$str$ptr + 2817040\nE       1   chromedriver                        0x0000000100b9f0ac cxxbridge1$str$ptr + 2784940\nE       2   chromedriver                        0x00000001006e68d8 cxxbridge1$string$len + 93028\nE       3   chromedriver                        0x000000010072d6a0 cxxbridge1$string$len + 383276\nE       4   chromedriver                        0x000000010076e7b8 cxxbridge1$string$len + 649796\nE       5   chromedriver                        0x0000000100721a80 cxxbridge1$string$len + 335116\nE       6   chromedriver                        0x0000000100b6bc98 cxxbridge1$str$ptr + 2575000\nE       7   chromedriver                        0x0000000100b6ef64 cxxbridge1$str$ptr + 2588004\nE       8   chromedriver                        0x0000000100b4ba20 cxxbridge1$str$ptr + 2443296\nE       9   chromedriver                        0x0000000100b6f7e0 cxxbridge1$str$ptr + 2590176\nE       10  chromedriver                        0x0000000100b3cb14 cxxbridge1$str$ptr + 2382100\nE       11  chromedriver                        0x0000000100b8f9c4 cxxbridge1$str$ptr + 2721732\nE       12  chromedriver                        0x0000000100b8fb50 cxxbridge1$str$ptr + 2722128\nE       13  chromedriver                        0x0000000100b9ecf8 cxxbridge1$str$ptr + 2783992\nE       14  libsystem_pthread.dylib             0x0000000187fa02e4 _pthread_start + 136\nE       15  libsystem_pthread.dylib             0x0000000187f9b0fc thread_start + 8\n\n/Library/Frameworks/Python.framework/Versions/3.13/lib/python3.13/site-packages/selenium/webdriver/remote/errorhandler.py:232: NoSuchElementException\n\n------------------------------ Captured log call -------------------------------\nINFO     TestLogger:test_login.py:128 Testing if login button is disabled without input...\n\n&#34;}], &#34;tests/test_login.py::test_valid_username_invalid_password&#34;: [{&#34;extras&#34;: [], &#34;result&#34;: &#34;Failed&#34;, &#34;testId&#34;: &#34;tests/test_login.py::test_valid_username_invalid_password&#34;, &#34;duration&#34;: &#34;00:00:20&#34;, &#34;resultsTableRow&#34;: [&#34;&lt;td class=\&#34;col-result\&#34;&gt;Failed&lt;/td&gt;&#34;, &#34;&lt;td class=\&#34;col-testId\&#34;&gt;tests/test_login.py::test_valid_username_invalid_password&lt;/td&gt;&#34;, &#34;&lt;td class=\&#34;col-duration\&#34;&gt;00:00:20&lt;/td&gt;&#34;, &#34;&lt;td class=\&#34;col-links\&#34;&gt;&lt;/td&gt;&#34;], &#34;log&#34;: &#34;driver = &amp;lt;selenium.webdriver.chrome.webdriver.WebDriver (session=&amp;quot;c154656eded96c5f0927515f94d40d6d&amp;quot;)&amp;gt;\n\n    @pytest.mark.login\n    def test_valid_username_invalid_password(driver):\n        logger.info(&amp;quot;Testing valid username with invalid password...&amp;quot;)\n        driver.get(&amp;quot;https://opensource-demo.orangehrmlive.com/web/index.php/auth/login&amp;quot;)\n        login_page = LoginPage(driver)\n        login_page.enter_username(&amp;quot;Admin&amp;quot;)\n        login_page.enter_password(&amp;quot;wrong_password&amp;quot;)\n        login_page.click_login()\n    \n&amp;gt;       error_message = login_page.get_error_message()\n\ntests/test_login.py:143: \n_ _ _ _ _ _ _ _ _ _ _ _ _ _ _ _ _ _ _ _ _ _ _ _ _ _ _ _ _ _ _ _ _ _ _ _ _ _ _ _ _ _ _ _ _ _ _ _ _ _ _ _ _ _ _ _ _ _ _ _ _ _ _ _ _ _ _ _ _ _ _ _ _ _\npages/login_page.py:29: in get_error_message\n    return WebDriverWait(self.driver, 10).until(\n_ _ _ _ _ _ _ _ _ _ _ _ _ _ _ _ _ _ _ _ _ _ _ _ _ _ _ _ _ _ _ _ _ _ _ _ _ _ _ _ _ _ _ _ _ _ _ _ _ _ _ _ _ _ _ _ _ _ _ _ _ _ _ _ _ _ _ _ _ _ _ _ _ _\n\nself = &amp;lt;selenium.webdriver.support.wait.WebDriverWait (session=&amp;quot;c154656eded96c5f0927515f94d40d6d&amp;quot;)&amp;gt;\nmethod = &amp;lt;function presence_of_element_located.&amp;lt;locals&amp;gt;._predicate at 0x10330e340&amp;gt;, message = &amp;#x27;&amp;#x27;\n\n    def until(self, method: Callable[[D], Union[Literal[False], T]], message: str = &amp;quot;&amp;quot;) -&amp;gt; T:\n        &amp;quot;&amp;quot;&amp;quot;Calls the method provided with the driver as an argument until the \\\n        return value does not evaluate to ``False``.\n    \n        :param method: callable(WebDriver)\n        :param message: optional message for :exc:`TimeoutException`\n        :returns: the result of the last call to `method`\n        :raises: :exc:`selenium.common.exceptions.TimeoutException` if timeout occurs\n        &amp;quot;&amp;quot;&amp;quot;\n        screen = None\n        stacktrace = None\n    \n        end_time = time.monotonic() + self._timeout\n        while True:\n            try:\n                value = method(self._driver)\n                if value:\n                    return value\n            except self._ignored_exceptions as exc:\n                screen = getattr(exc, &amp;quot;screen&amp;quot;, None)\n                stacktrace = getattr(exc, &amp;quot;stacktrace&amp;quot;, None)\n            if time.monotonic() &amp;gt; end_time:\n                break\n            time.sleep(self._poll)\n&amp;gt;       raise TimeoutException(message, screen, stacktrace)\nE       selenium.common.exceptions.TimeoutException: Message: \nE       Stacktrace:\nE       0   chromedriver                        0x0000000104922e10 cxxbridge1$str$ptr + 2817040\nE       1   chromedriver                        0x000000010491b0ac cxxbridge1$str$ptr + 2784940\nE       2   chromedriver                        0x00000001044628d8 cxxbridge1$string$len + 93028\nE       3   chromedriver                        0x00000001044a96a0 cxxbridge1$string$len + 383276\nE       4   chromedriver                        0x00000001044ea7b8 cxxbridge1$string$len + 649796\nE       5   chromedriver                        0x000000010449da80 cxxbridge1$string$len + 335116\nE       6   chromedriver                        0x00000001048e7c98 cxxbridge1$str$ptr + 2575000\nE       7   chromedriver                        0x00000001048eaf64 cxxbridge1$str$ptr + 2588004\nE       8   chromedriver                        0x00000001048c7a20 cxxbridge1$str$ptr + 2443296\nE       9   chromedriver                        0x00000001048eb7e0 cxxbridge1$str$ptr + 2590176\nE       10  chromedriver                        0x00000001048b8b14 cxxbridge1$str$ptr + 2382100\nE       11  chromedriver                        0x000000010490b9c4 cxxbridge1$str$ptr + 2721732\nE       12  chromedriver                        0x000000010490bb50 cxxbridge1$str$ptr + 2722128\nE       13  chromedriver                        0x000000010491acf8 cxxbridge1$str$ptr + 2783992\nE       14  libsystem_pthread.dylib             0x0000000187fa02e4 _pthread_start + 136\nE       15  libsystem_pthread.dylib             0x0000000187f9b0fc thread_start + 8\n\n/Library/Frameworks/Python.framework/Versions/3.13/lib/python3.13/site-packages/selenium/webdriver/support/wait.py:105: TimeoutException\n\n------------------------------ Captured log call -------------------------------\nINFO     TestLogger:test_login.py:136 Testing valid username with invalid password...\n\n&#34;}], &#34;tests/test_login.py::test_login_redirect_to_dashboard_url&#34;: [{&#34;extras&#34;: [], &#34;result&#34;: &#34;Failed&#34;, &#34;testId&#34;: &#34;tests/test_login.py::test_login_redirect_to_dashboard_url&#34;, &#34;duration&#34;: &#34;00:00:08&#34;, &#34;resultsTableRow&#34;: [&#34;&lt;td class=\&#34;col-result\&#34;&gt;Failed&lt;/td&gt;&#34;, &#34;&lt;td class=\&#34;col-testId\&#34;&gt;tests/test_login.py::test_login_redirect_to_dashboard_url&lt;/td&gt;&#34;, &#34;&lt;td class=\&#34;col-duration\&#34;&gt;00:00:08&lt;/td&gt;&#34;, &#34;&lt;td class=\&#34;col-links\&#34;&gt;&lt;/td&gt;&#34;], &#34;log&#34;: &#34;driver = &amp;lt;selenium.webdriver.chrome.webdriver.WebDriver (session=&amp;quot;79252461f4538820f56c2efb0104356b&amp;quot;)&amp;gt;\n\n    @pytest.mark.login\n    def test_login_redirect_to_dashboard_url(driver):\n        logger.info(&amp;quot;Testing login redirect to dashboard...&amp;quot;)\n        driver.get(&amp;quot;https://opensource-demo.orangehrmlive.com/web/index.php/auth/login&amp;quot;)\n        login_page = LoginPage(driver)\n        login_page.enter_username(&amp;quot;Admin&amp;quot;)\n        login_page.enter_password(&amp;quot;admin123&amp;quot;)\n        login_page.click_login()\n    \n&amp;gt;       assert driver.current_url.endswith(&amp;quot;/dashboard&amp;quot;), &amp;quot;Redirect to dashboard failed after login.&amp;quot;\nE       AssertionError: Redirect to dashboard failed after login.\nE       assert False\nE        +  where False = &amp;lt;built-in method endswith of str object at 0x10327f670&amp;gt;(&amp;#x27;/dashboard&amp;#x27;)\nE        +    where &amp;lt;built-in method endswith of str object at 0x10327f670&amp;gt; = &amp;#x27;https://opensource-demo.orangehrmlive.com/web/index.php/auth/login&amp;#x27;.endswith\nE        +      where &amp;#x27;https://opensource-demo.orangehrmlive.com/web/index.php/auth/login&amp;#x27; = &amp;lt;selenium.webdriver.chrome.webdriver.WebDriver (session=&amp;quot;79252461f4538820f56c2efb0104356b&amp;quot;)&amp;gt;.current_url\n\ntests/test_login.py:155: AssertionError\n\n------------------------------ Captured log call -------------------------------\nINFO     TestLogger:test_login.py:148 Testing login redirect to dashboard...\n\n&#34;}], &#34;tests/test_login_parallel.py::test_login_parallel[chrome]&#34;: [{&#34;extras&#34;: [], &#34;result&#34;: &#34;Passed&#34;, &#34;testId&#34;: &#34;tests/test_login_parallel.py::test_login_parallel[chrome]&#34;, &#34;duration&#34;: &#34;00:00:12&#34;, &#34;resultsTableRow&#34;: [&#34;&lt;td class=\&#34;col-result\&#34;&gt;Passed&lt;/td&gt;&#34;, &#34;&lt;td class=\&#34;col-testId\&#34;&gt;tests/test_login_parallel.py::test_login_parallel[chrome]&lt;/td&gt;&#34;, &#34;&lt;td class=\&#34;col-duration\&#34;&gt;00:00:12&lt;/td&gt;&#34;, &#34;&lt;td class=\&#34;col-links\&#34;&gt;&lt;/td&gt;&#34;], &#34;log&#34;: &#34;----------------------------- Captured stdout call -----------------------------\n\u2705 Login successful on chrome!\n\u2705 Successfully searched on chrome\n&#34;}], &#34;tests/test_login_parallel.py::test_login_parallel[safari]&#34;: [{&#34;extras&#34;: [], &#34;result&#34;: &#34;Passed&#34;, &#34;testId&#34;: &#34;tests/test_login_parallel.py::test_login_parallel[safari]&#34;, &#34;duration&#34;: &#34;00:00:15&#34;, &#34;resultsTableRow&#34;: [&#34;&lt;td class=\&#34;col-result\&#34;&gt;Passed&lt;/td&gt;&#34;, &#34;&lt;td class=\&#34;col-testId\&#34;&gt;tests/test_login_parallel.py::test_login_parallel[safari]&lt;/td&gt;&#34;, &#34;&lt;td class=\&#34;col-duration\&#34;&gt;00:00:15&lt;/td&gt;&#34;, &#34;&lt;td class=\&#34;col-links\&#34;&gt;&lt;/td&gt;&#34;], &#34;log&#34;: &#34;----------------------------- Captured stdout call -----------------------------\n\u2705 Login successful on safari!\n\u2705 Successfully searched on safari\n&#34;}], &#34;tests/test_search.py::test_orangehrm_login&#34;: [{&#34;extras&#34;: [], &#34;result&#34;: &#34;Passed&#34;, &#34;testId&#34;: &#34;tests/test_search.py::test_orangehrm_login&#34;, &#34;duration&#34;: &#34;00:00:17&#34;, &#34;resultsTableRow&#34;: [&#34;&lt;td class=\&#34;col-result\&#34;&gt;Passed&lt;/td&gt;&#34;, &#34;&lt;td class=\&#34;col-testId\&#34;&gt;tests/test_search.py::test_orangehrm_login&lt;/td&gt;&#34;, &#34;&lt;td class=\&#34;col-duration\&#34;&gt;00:00:17&lt;/td&gt;&#34;, &#34;&lt;td class=\&#34;col-links\&#34;&gt;&lt;/td&gt;&#34;], &#34;log&#34;: &#34;----------------------------- Captured stdout call -----------------------------\n\u2705 Login successful on Desktop!\n&#34;}], &#34;tests/test_search.py::test_valid_search&#34;: [{&#34;extras&#34;: [], &#34;result&#34;: &#34;Passed&#34;, &#34;testId&#34;: &#34;tests/test_search.py::test_valid_search&#34;, &#34;duration&#34;: &#34;00:00:20&#34;, &#34;resultsTableRow&#34;: [&#34;&lt;td class=\&#34;col-result\&#34;&gt;Passed&lt;/td&gt;&#34;, &#34;&lt;td class=\&#34;col-testId\&#34;&gt;tests/test_search.py::test_valid_search&lt;/td&gt;&#34;, &#34;&lt;td class=\&#34;col-duration\&#34;&gt;00:00:20&lt;/td&gt;&#34;, &#34;&lt;td class=\&#34;col-links\&#34;&gt;&lt;/td&gt;&#34;], &#34;log&#34;: &#34;----------------------------- Captured stdout call -----------------------------\n\u2705 Valid search successful\n&#34;}], &#34;tests/test_search.py::test_invalid_search&#34;: [{&#34;extras&#34;: [], &#34;result&#34;: &#34;Passed&#34;, &#34;testId&#34;: &#34;tests/test_search.py::test_invalid_search&#34;, &#34;duration&#34;: &#34;00:00:15&#34;, &#34;resultsTableRow&#34;: [&#34;&lt;td class=\&#34;col-result\&#34;&gt;Passed&lt;/td&gt;&#34;, &#34;&lt;td class=\&#34;col-testId\&#34;&gt;tests/test_search.py::test_invalid_search&lt;/td&gt;&#34;, &#34;&lt;td class=\&#34;col-duration\&#34;&gt;00:00:15&lt;/td&gt;&#34;, &#34;&lt;td class=\&#34;col-links\&#34;&gt;&lt;/td&gt;&#34;], &#34;log&#34;: &#34;----------------------------- Captured stdout call -----------------------------\n\u2705 Invalid search handled correctly\n&#34;}], &#34;tests/test_search.py::test_case_insensitive_search&#34;: [{&#34;extras&#34;: [], &#34;result&#34;: &#34;Passed&#34;, &#34;testId&#34;: &#34;tests/test_search.py::test_case_insensitive_search&#34;, &#34;duration&#34;: &#34;00:00:21&#34;, &#34;resultsTableRow&#34;: [&#34;&lt;td class=\&#34;col-result\&#34;&gt;Passed&lt;/td&gt;&#34;, &#34;&lt;td class=\&#34;col-testId\&#34;&gt;tests/test_search.py::test_case_insensitive_search&lt;/td&gt;&#34;, &#34;&lt;td class=\&#34;col-duration\&#34;&gt;00:00:21&lt;/td&gt;&#34;, &#34;&lt;td class=\&#34;col-links\&#34;&gt;&lt;/td&gt;&#34;], &#34;log&#34;: &#34;----------------------------- Captured stdout call -----------------------------\n\u2705 Case-insensitive search successful\n&#34;}], &#34;tests/test_search.py::test_empty_search&#34;: [{&#34;extras&#34;: [], &#34;result&#34;: &#34;Passed&#34;, &#34;testId&#34;: &#34;tests/test_search.py::test_empty_search&#34;, &#34;duration&#34;: &#34;00:00:14&#34;, &#34;resultsTableRow&#34;: [&#34;&lt;td class=\&#34;col-result\&#34;&gt;Passed&lt;/td&gt;&#34;, &#34;&lt;td class=\&#34;col-testId\&#34;&gt;tests/test_search.py::test_empty_search&lt;/td&gt;&#34;, &#34;&lt;td class=\&#34;col-duration\&#34;&gt;00:00:14&lt;/td&gt;&#34;, &#34;&lt;td class=\&#34;col-links\&#34;&gt;&lt;/td&gt;&#34;], &#34;log&#34;: &#34;----------------------------- Captured stdout call -----------------------------\n\u2705 Empty search handled correctly\n&#34;}], &#34;tests/test_search.py::test_special_character_search&#34;: [{&#34;extras&#34;: [], &#34;result&#34;: &#34;Passed&#34;, &#34;testId&#34;: &#34;tests/test_search.py::test_special_character_search&#34;, &#34;duration&#34;: &#34;00:00:16&#34;, &#34;resultsTableRow&#34;: [&#34;&lt;td class=\&#34;col-result\&#34;&gt;Passed&lt;/td&gt;&#34;, &#34;&lt;td class=\&#34;col-testId\&#34;&gt;tests/test_search.py::test_special_character_search&lt;/td&gt;&#34;, &#34;&lt;td class=\&#34;col-duration\&#34;&gt;00:00:16&lt;/td&gt;&#34;, &#34;&lt;td class=\&#34;col-links\&#34;&gt;&lt;/td&gt;&#34;], &#34;log&#34;: &#34;----------------------------- Captured stdout call -----------------------------\n\u274c Special character search produced unexpected results!\n&#34;}], &#34;tests/test_search.py::test_numeric_search&#34;: [{&#34;extras&#34;: [], &#34;result&#34;: &#34;Passed&#34;, &#34;testId&#34;: &#34;tests/test_search.py::test_numeric_search&#34;, &#34;duration&#34;: &#34;00:00:19&#34;, &#34;resultsTableRow&#34;: [&#34;&lt;td class=\&#34;col-result\&#34;&gt;Passed&lt;/td&gt;&#34;, &#34;&lt;td class=\&#34;col-testId\&#34;&gt;tests/test_search.py::test_numeric_search&lt;/td&gt;&#34;, &#34;&lt;td class=\&#34;col-duration\&#34;&gt;00:00:19&lt;/td&gt;&#34;, &#34;&lt;td class=\&#34;col-links\&#34;&gt;&lt;/td&gt;&#34;], &#34;log&#34;: &#34;----------------------------- Captured stdout call -----------------------------\n\u274c Numeric search produced unexpected results!\n&#34;}], &#34;tests/test_search.py::test_whitespace_search&#34;: [{&#34;extras&#34;: [], &#34;result&#34;: &#34;Passed&#34;, &#34;testId&#34;: &#34;tests/test_search.py::test_whitespace_search&#34;, &#34;duration&#34;: &#34;00:00:17&#34;, &#34;resultsTableRow&#34;: [&#34;&lt;td class=\&#34;col-result\&#34;&gt;Passed&lt;/td&gt;&#34;, &#34;&lt;td class=\&#34;col-testId\&#34;&gt;tests/test_search.py::test_whitespace_search&lt;/td&gt;&#34;, &#34;&lt;td class=\&#34;col-duration\&#34;&gt;00:00:17&lt;/td&gt;&#34;, &#34;&lt;td class=\&#34;col-links\&#34;&gt;&lt;/td&gt;&#34;], &#34;log&#34;: &#34;----------------------------- Captured stdout call -----------------------------\n\u2705 Whitespace search handled correctly\n&#34;}], &#34;tests/test_search.py::test_partial_match_search&#34;: [{&#34;extras&#34;: [], &#34;result&#34;: &#34;Passed&#34;, &#34;testId&#34;: &#34;tests/test_search.py::test_partial_match_search&#34;, &#34;duration&#34;: &#34;00:00:15&#34;, &#34;resultsTableRow&#34;: [&#34;&lt;td class=\&#34;col-result\&#34;&gt;Passed&lt;/td&gt;&#34;, &#34;&lt;td class=\&#34;col-testId\&#34;&gt;tests/test_search.py::test_partial_match_search&lt;/td&gt;&#34;, &#34;&lt;td class=\&#34;col-duration\&#34;&gt;00:00:15&lt;/td&gt;&#34;, &#34;&lt;td class=\&#34;col-links\&#34;&gt;&lt;/td&gt;&#34;], &#34;log&#34;: &#34;----------------------------- Captured stdout call -----------------------------\n\u2705 Partial match search successful\n&#34;}], &#34;tests/test_search.py::test_search_field_clear&#34;: [{&#34;extras&#34;: [], &#34;result&#34;: &#34;Passed&#34;, &#34;testId&#34;: &#34;tests/test_search.py::test_search_field_clear&#34;, &#34;duration&#34;: &#34;00:00:20&#34;, &#34;resultsTableRow&#34;: [&#34;&lt;td class=\&#34;col-result\&#34;&gt;Passed&lt;/td&gt;&#34;, &#34;&lt;td class=\&#34;col-testId\&#34;&gt;tests/test_search.py::test_search_field_clear&lt;/td&gt;&#34;, &#34;&lt;td class=\&#34;col-duration\&#34;&gt;00:00:20&lt;/td&gt;&#34;, &#34;&lt;td class=\&#34;col-links\&#34;&gt;&lt;/td&gt;&#34;], &#34;log&#34;: &#34;----------------------------- Captured stdout call -----------------------------\n\u274c Search field not cleared successfully!\n&#34;}], &#34;tests/test_search.py::test_long_text_search&#34;: [{&#34;extras&#34;: [], &#34;result&#34;: &#34;Passed&#34;, &#34;testId&#34;: &#34;tests/test_search.py::test_long_text_search&#34;, &#34;duration&#34;: &#34;00:00:21&#34;, &#34;resultsTableRow&#34;: [&#34;&lt;td class=\&#34;col-result\&#34;&gt;Passed&lt;/td&gt;&#34;, &#34;&lt;td class=\&#34;col-testId\&#34;&gt;tests/test_search.py::test_long_text_search&lt;/td&gt;&#34;, &#34;&lt;td class=\&#34;col-duration\&#34;&gt;00:00:21&lt;/td&gt;&#34;, &#34;&lt;td class=\&#34;col-links\&#34;&gt;&lt;/td&gt;&#34;], &#34;log&#34;: &#34;----------------------------- Captured stdout call -----------------------------\n\u274c Long text search caused unexpected behavior!\n&#34;}]}, &#34;renderCollapsed&#34;: [&#34;passed&#34;], &#34;initialSort&#34;: &#34;result&#34;, &#34;title&#34;: &#34;test_report.html&#34;}"></div>
    <script>
      (function(){function r(e,n,t){function o(i,f){if(!n[i]){if(!e[i]){var c="function"==typeof require&&require;if(!f&&c)return c(i,!0);if(u)return u(i,!0);var a=new Error("Cannot find module '"+i+"'");throw a.code="MODULE_NOT_FOUND",a}var p=n[i]={exports:{}};e[i][0].call(p.exports,function(r){var n=e[i][1][r];return o(n||r)},p,p.exports,r,e,n,t)}return n[i].exports}for(var u="function"==typeof require&&require,i=0;i<t.length;i++)o(t[i]);return o}return r})()({1:[function(require,module,exports){
const { getCollapsedCategory, setCollapsedIds } = require('./storage.js')

class DataManager {
    setManager(data) {
        const collapsedCategories = [...getCollapsedCategory(data.renderCollapsed)]
        const collapsedIds = []
        const tests = Object.values(data.tests).flat().map((test, index) => {
            const collapsed = collapsedCategories.includes(test.result.toLowerCase())
            const id = `test_${index}`
            if (collapsed) {
                collapsedIds.push(id)
            }
            return {
                ...test,
                id,
                collapsed,
            }
        })
        const dataBlob = { ...data, tests }
        this.data = { ...dataBlob }
        this.renderData = { ...dataBlob }
        setCollapsedIds(collapsedIds)
    }

    get allData() {
        return { ...this.data }
    }

    resetRender() {
        this.renderData = { ...this.data }
    }

    setRender(data) {
        this.renderData.tests = [...data]
    }

    toggleCollapsedItem(id) {
        this.renderData.tests = this.renderData.tests.map((test) =>
            test.id === id ? { ...test, collapsed: !test.collapsed } : test,
        )
    }

    set allCollapsed(collapsed) {
        this.renderData = { ...this.renderData, tests: [...this.renderData.tests.map((test) => (
            { ...test, collapsed }
        ))] }
    }

    get testSubset() {
        return [...this.renderData.tests]
    }

    get environment() {
        return this.renderData.environment
    }

    get initialSort() {
        return this.data.initialSort
    }
}

module.exports = {
    manager: new DataManager(),
}

},{"./storage.js":8}],2:[function(require,module,exports){
const mediaViewer = require('./mediaviewer.js')
const templateEnvRow = document.getElementById('template_environment_row')
const templateResult = document.getElementById('template_results-table__tbody')

function htmlToElements(html) {
    const temp = document.createElement('template')
    temp.innerHTML = html
    return temp.content.childNodes
}

const find = (selector, elem) => {
    if (!elem) {
        elem = document
    }
    return elem.querySelector(selector)
}

const findAll = (selector, elem) => {
    if (!elem) {
        elem = document
    }
    return [...elem.querySelectorAll(selector)]
}

const dom = {
    getStaticRow: (key, value) => {
        const envRow = templateEnvRow.content.cloneNode(true)
        const isObj = typeof value === 'object' && value !== null
        const values = isObj ? Object.keys(value).map((k) => `${k}: ${value[k]}`) : null

        const valuesElement = htmlToElements(
            values ? `<ul>${values.map((val) => `<li>${val}</li>`).join('')}<ul>` : `<div>${value}</div>`)[0]
        const td = findAll('td', envRow)
        td[0].textContent = key
        td[1].appendChild(valuesElement)

        return envRow
    },
    getResultTBody: ({ testId, id, log, extras, resultsTableRow, tableHtml, result, collapsed }) => {
        const resultBody = templateResult.content.cloneNode(true)
        resultBody.querySelector('tbody').classList.add(result.toLowerCase())
        resultBody.querySelector('tbody').id = testId
        resultBody.querySelector('.collapsible').dataset.id = id

        resultsTableRow.forEach((html) => {
            const t = document.createElement('template')
            t.innerHTML = html
            resultBody.querySelector('.collapsible').appendChild(t.content)
        })

        if (log) {
            // Wrap lines starting with "E" with span.error to color those lines red
            const wrappedLog = log.replace(/^E.*$/gm, (match) => `<span class="error">${match}</span>`)
            resultBody.querySelector('.log').innerHTML = wrappedLog
        } else {
            resultBody.querySelector('.log').remove()
        }

        if (collapsed) {
            resultBody.querySelector('.collapsible > td')?.classList.add('collapsed')
            resultBody.querySelector('.extras-row').classList.add('hidden')
        } else {
            resultBody.querySelector('.collapsible > td')?.classList.remove('collapsed')
        }

        const media = []
        extras?.forEach(({ name, format_type, content }) => {
            if (['image', 'video'].includes(format_type)) {
                media.push({ path: content, name, format_type })
            }

            if (format_type === 'html') {
                resultBody.querySelector('.extraHTML').insertAdjacentHTML('beforeend', `<div>${content}</div>`)
            }
        })
        mediaViewer.setup(resultBody, media)

        // Add custom html from the pytest_html_results_table_html hook
        tableHtml?.forEach((item) => {
            resultBody.querySelector('td[class="extra"]').insertAdjacentHTML('beforeend', item)
        })

        return resultBody
    },
}

module.exports = {
    dom,
    htmlToElements,
    find,
    findAll,
}

},{"./mediaviewer.js":6}],3:[function(require,module,exports){
const { manager } = require('./datamanager.js')
const { doSort } = require('./sort.js')
const storageModule = require('./storage.js')

const getFilteredSubSet = (filter) =>
    manager.allData.tests.filter(({ result }) => filter.includes(result.toLowerCase()))

const doInitFilter = () => {
    const currentFilter = storageModule.getVisible()
    const filteredSubset = getFilteredSubSet(currentFilter)
    manager.setRender(filteredSubset)
}

const doFilter = (type, show) => {
    if (show) {
        storageModule.showCategory(type)
    } else {
        storageModule.hideCategory(type)
    }

    const currentFilter = storageModule.getVisible()
    const filteredSubset = getFilteredSubSet(currentFilter)
    manager.setRender(filteredSubset)

    const sortColumn = storageModule.getSort()
    doSort(sortColumn, true)
}

module.exports = {
    doFilter,
    doInitFilter,
}

},{"./datamanager.js":1,"./sort.js":7,"./storage.js":8}],4:[function(require,module,exports){
const { redraw, bindEvents, renderStatic } = require('./main.js')
const { doInitFilter } = require('./filter.js')
const { doInitSort } = require('./sort.js')
const { manager } = require('./datamanager.js')
const data = JSON.parse(document.getElementById('data-container').dataset.jsonblob)

function init() {
    manager.setManager(data)
    doInitFilter()
    doInitSort()
    renderStatic()
    redraw()
    bindEvents()
}

init()

},{"./datamanager.js":1,"./filter.js":3,"./main.js":5,"./sort.js":7}],5:[function(require,module,exports){
const { dom, find, findAll } = require('./dom.js')
const { manager } = require('./datamanager.js')
const { doSort } = require('./sort.js')
const { doFilter } = require('./filter.js')
const {
    getVisible,
    getCollapsedIds,
    setCollapsedIds,
    getSort,
    getSortDirection,
    possibleFilters,
} = require('./storage.js')

const removeChildren = (node) => {
    while (node.firstChild) {
        node.removeChild(node.firstChild)
    }
}

const renderStatic = () => {
    const renderEnvironmentTable = () => {
        const environment = manager.environment
        const rows = Object.keys(environment).map((key) => dom.getStaticRow(key, environment[key]))
        const table = document.getElementById('environment')
        removeChildren(table)
        rows.forEach((row) => table.appendChild(row))
    }
    renderEnvironmentTable()
}

const addItemToggleListener = (elem) => {
    elem.addEventListener('click', ({ target }) => {
        const id = target.parentElement.dataset.id
        manager.toggleCollapsedItem(id)

        const collapsedIds = getCollapsedIds()
        if (collapsedIds.includes(id)) {
            const updated = collapsedIds.filter((item) => item !== id)
            setCollapsedIds(updated)
        } else {
            collapsedIds.push(id)
            setCollapsedIds(collapsedIds)
        }
        redraw()
    })
}

const renderContent = (tests) => {
    const sortAttr = getSort(manager.initialSort)
    const sortAsc = JSON.parse(getSortDirection())
    const rows = tests.map(dom.getResultTBody)
    const table = document.getElementById('results-table')
    const tableHeader = document.getElementById('results-table-head')

    const newTable = document.createElement('table')
    newTable.id = 'results-table'

    // remove all sorting classes and set the relevant
    findAll('.sortable', tableHeader).forEach((elem) => elem.classList.remove('asc', 'desc'))
    tableHeader.querySelector(`.sortable[data-column-type="${sortAttr}"]`)?.classList.add(sortAsc ? 'desc' : 'asc')
    newTable.appendChild(tableHeader)

    if (!rows.length) {
        const emptyTable = document.getElementById('template_results-table__body--empty').content.cloneNode(true)
        newTable.appendChild(emptyTable)
    } else {
        rows.forEach((row) => {
            if (!!row) {
                findAll('.collapsible td:not(.col-links', row).forEach(addItemToggleListener)
                find('.logexpander', row).addEventListener('click',
                    (evt) => evt.target.parentNode.classList.toggle('expanded'),
                )
                newTable.appendChild(row)
            }
        })
    }

    table.replaceWith(newTable)
}

const renderDerived = () => {
    const currentFilter = getVisible()
    possibleFilters.forEach((result) => {
        const input = document.querySelector(`input[data-test-result="${result}"]`)
        input.checked = currentFilter.includes(result)
    })
}

const bindEvents = () => {
    const filterColumn = (evt) => {
        const { target: element } = evt
        const { testResult } = element.dataset

        doFilter(testResult, element.checked)
        const collapsedIds = getCollapsedIds()
        const updated = manager.renderData.tests.map((test) => {
            return {
                ...test,
                collapsed: collapsedIds.includes(test.id),
            }
        })
        manager.setRender(updated)
        redraw()
    }

    const header = document.getElementById('environment-header')
    header.addEventListener('click', () => {
        const table = document.getElementById('environment')
        table.classList.toggle('hidden')
        header.classList.toggle('collapsed')
    })

    findAll('input[name="filter_checkbox"]').forEach((elem) => {
        elem.addEventListener('click', filterColumn)
    })

    findAll('.sortable').forEach((elem) => {
        elem.addEventListener('click', (evt) => {
            const { target: element } = evt
            const { columnType } = element.dataset
            doSort(columnType)
            redraw()
        })
    })

    document.getElementById('show_all_details').addEventListener('click', () => {
        manager.allCollapsed = false
        setCollapsedIds([])
        redraw()
    })
    document.getElementById('hide_all_details').addEventListener('click', () => {
        manager.allCollapsed = true
        const allIds = manager.renderData.tests.map((test) => test.id)
        setCollapsedIds(allIds)
        redraw()
    })
}

const redraw = () => {
    const { testSubset } = manager

    renderContent(testSubset)
    renderDerived()
}

module.exports = {
    redraw,
    bindEvents,
    renderStatic,
}

},{"./datamanager.js":1,"./dom.js":2,"./filter.js":3,"./sort.js":7,"./storage.js":8}],6:[function(require,module,exports){
class MediaViewer {
    constructor(assets) {
        this.assets = assets
        this.index = 0
    }

    nextActive() {
        this.index = this.index === this.assets.length - 1 ? 0 : this.index + 1
        return [this.activeFile, this.index]
    }

    prevActive() {
        this.index = this.index === 0 ? this.assets.length - 1 : this.index -1
        return [this.activeFile, this.index]
    }

    get currentIndex() {
        return this.index
    }

    get activeFile() {
        return this.assets[this.index]
    }
}


const setup = (resultBody, assets) => {
    if (!assets.length) {
        resultBody.querySelector('.media').classList.add('hidden')
        return
    }

    const mediaViewer = new MediaViewer(assets)
    const container = resultBody.querySelector('.media-container')
    const leftArrow = resultBody.querySelector('.media-container__nav--left')
    const rightArrow = resultBody.querySelector('.media-container__nav--right')
    const mediaName = resultBody.querySelector('.media__name')
    const counter = resultBody.querySelector('.media__counter')
    const imageEl = resultBody.querySelector('img')
    const sourceEl = resultBody.querySelector('source')
    const videoEl = resultBody.querySelector('video')

    const setImg = (media, index) => {
        if (media?.format_type === 'image') {
            imageEl.src = media.path

            imageEl.classList.remove('hidden')
            videoEl.classList.add('hidden')
        } else if (media?.format_type === 'video') {
            sourceEl.src = media.path

            videoEl.classList.remove('hidden')
            imageEl.classList.add('hidden')
        }

        mediaName.innerText = media?.name
        counter.innerText = `${index + 1} / ${assets.length}`
    }
    setImg(mediaViewer.activeFile, mediaViewer.currentIndex)

    const moveLeft = () => {
        const [media, index] = mediaViewer.prevActive()
        setImg(media, index)
    }
    const doRight = () => {
        const [media, index] = mediaViewer.nextActive()
        setImg(media, index)
    }
    const openImg = () => {
        window.open(mediaViewer.activeFile.path, '_blank')
    }
    if (assets.length === 1) {
        container.classList.add('media-container--fullscreen')
    } else {
        leftArrow.addEventListener('click', moveLeft)
        rightArrow.addEventListener('click', doRight)
    }
    imageEl.addEventListener('click', openImg)
}

module.exports = {
    setup,
}

},{}],7:[function(require,module,exports){
const { manager } = require('./datamanager.js')
const storageModule = require('./storage.js')

const genericSort = (list, key, ascending, customOrder) => {
    let sorted
    if (customOrder) {
        sorted = list.sort((a, b) => {
            const aValue = a.result.toLowerCase()
            const bValue = b.result.toLowerCase()

            const aIndex = customOrder.findIndex((item) => item.toLowerCase() === aValue)
            const bIndex = customOrder.findIndex((item) => item.toLowerCase() === bValue)

            // Compare the indices to determine the sort order
            return aIndex - bIndex
        })
    } else {
        sorted = list.sort((a, b) => a[key] === b[key] ? 0 : a[key] > b[key] ? 1 : -1)
    }

    if (ascending) {
        sorted.reverse()
    }
    return sorted
}

const durationSort = (list, ascending) => {
    const parseDuration = (duration) => {
        if (duration.includes(':')) {
            // If it's in the format "HH:mm:ss"
            const [hours, minutes, seconds] = duration.split(':').map(Number)
            return (hours * 3600 + minutes * 60 + seconds) * 1000
        } else {
            // If it's in the format "nnn ms"
            return parseInt(duration)
        }
    }
    const sorted = list.sort((a, b) => parseDuration(a['duration']) - parseDuration(b['duration']))
    if (ascending) {
        sorted.reverse()
    }
    return sorted
}

const doInitSort = () => {
    const type = storageModule.getSort(manager.initialSort)
    const ascending = storageModule.getSortDirection()
    const list = manager.testSubset
    const initialOrder = ['Error', 'Failed', 'Rerun', 'XFailed', 'XPassed', 'Skipped', 'Passed']

    storageModule.setSort(type)
    storageModule.setSortDirection(ascending)

    if (type?.toLowerCase() === 'original') {
        manager.setRender(list)
    } else {
        let sortedList
        switch (type) {
        case 'duration':
            sortedList = durationSort(list, ascending)
            break
        case 'result':
            sortedList = genericSort(list, type, ascending, initialOrder)
            break
        default:
            sortedList = genericSort(list, type, ascending)
            break
        }
        manager.setRender(sortedList)
    }
}

const doSort = (type, skipDirection) => {
    const newSortType = storageModule.getSort(manager.initialSort) !== type
    const currentAsc = storageModule.getSortDirection()
    let ascending
    if (skipDirection) {
        ascending = currentAsc
    } else {
        ascending = newSortType ? false : !currentAsc
    }
    storageModule.setSort(type)
    storageModule.setSortDirection(ascending)

    const list = manager.testSubset
    const sortedList = type === 'duration' ? durationSort(list, ascending) : genericSort(list, type, ascending)
    manager.setRender(sortedList)
}

module.exports = {
    doInitSort,
    doSort,
}

},{"./datamanager.js":1,"./storage.js":8}],8:[function(require,module,exports){
const possibleFilters = [
    'passed',
    'skipped',
    'failed',
    'error',
    'xfailed',
    'xpassed',
    'rerun',
]

const getVisible = () => {
    const url = new URL(window.location.href)
    const settings = new URLSearchParams(url.search).get('visible')
    const lower = (item) => {
        const lowerItem = item.toLowerCase()
        if (possibleFilters.includes(lowerItem)) {
            return lowerItem
        }
        return null
    }
    return settings === null ?
        possibleFilters :
        [...new Set(settings?.split(',').map(lower).filter((item) => item))]
}

const hideCategory = (categoryToHide) => {
    const url = new URL(window.location.href)
    const visibleParams = new URLSearchParams(url.search).get('visible')
    const currentVisible = visibleParams ? visibleParams.split(',') : [...possibleFilters]
    const settings = [...new Set(currentVisible)].filter((f) => f !== categoryToHide).join(',')

    url.searchParams.set('visible', settings)
    window.history.pushState({}, null, unescape(url.href))
}

const showCategory = (categoryToShow) => {
    if (typeof window === 'undefined') {
        return
    }
    const url = new URL(window.location.href)
    const currentVisible = new URLSearchParams(url.search).get('visible')?.split(',').filter(Boolean) ||
        [...possibleFilters]
    const settings = [...new Set([categoryToShow, ...currentVisible])]
    const noFilter = possibleFilters.length === settings.length || !settings.length

    noFilter ? url.searchParams.delete('visible') : url.searchParams.set('visible', settings.join(','))
    window.history.pushState({}, null, unescape(url.href))
}

const getSort = (initialSort) => {
    const url = new URL(window.location.href)
    let sort = new URLSearchParams(url.search).get('sort')
    if (!sort) {
        sort = initialSort || 'result'
    }
    return sort
}

const setSort = (type) => {
    const url = new URL(window.location.href)
    url.searchParams.set('sort', type)
    window.history.pushState({}, null, unescape(url.href))
}

const getCollapsedCategory = (renderCollapsed) => {
    let categories
    if (typeof window !== 'undefined') {
        const url = new URL(window.location.href)
        const collapsedItems = new URLSearchParams(url.search).get('collapsed')
        switch (true) {
        case !renderCollapsed && collapsedItems === null:
            categories = ['passed']
            break
        case collapsedItems?.length === 0 || /^["']{2}$/.test(collapsedItems):
            categories = []
            break
        case /^all$/.test(collapsedItems) || collapsedItems === null && /^all$/.test(renderCollapsed):
            categories = [...possibleFilters]
            break
        default:
            categories = collapsedItems?.split(',').map((item) => item.toLowerCase()) || renderCollapsed
            break
        }
    } else {
        categories = []
    }
    return categories
}

const getSortDirection = () => JSON.parse(sessionStorage.getItem('sortAsc')) || false
const setSortDirection = (ascending) => sessionStorage.setItem('sortAsc', ascending)

const getCollapsedIds = () => JSON.parse(sessionStorage.getItem('collapsedIds')) || []
const setCollapsedIds = (list) => sessionStorage.setItem('collapsedIds', JSON.stringify(list))

module.exports = {
    getVisible,
    hideCategory,
    showCategory,
    getCollapsedIds,
    setCollapsedIds,
    getSort,
    setSort,
    getSortDirection,
    setSortDirection,
    getCollapsedCategory,
    possibleFilters,
}

},{}]},{},[4]);
    </script>
  </footer>
</html>