{"name": "test_login_with_max_length_inputs", "status": "broken", "statusDetails": {"message": "selenium.common.exceptions.TimeoutException: Message: \nStacktrace:\n0   chromedriver                        0x0000000104de2138 cxxbridge1$str$ptr + 3653888\n1   chromedriver                        0x0000000104dda988 cxxbridge1$str$ptr + 3623248\n2   chromedriver                        0x0000000104840968 cxxbridge1$string$len + 89228\n3   chromedriver                        0x0000000104884d4c cxxbridge1$string$len + 368752\n4   chromedriver                        0x00000001048be4f0 cxxbridge1$string$len + 604180\n5   chromedriver                        0x0000000104879564 cxxbridge1$string$len + 321672\n6   chromedriver                        0x000000010487a1b4 cxxbridge1$string$len + 324824\n7   chromedriver                        0x0000000104dacfc0 cxxbridge1$str$ptr + 3436424\n8   chromedriver                        0x0000000104db02dc cxxbridge1$str$ptr + 3449508\n9   chromedriver                        0x0000000104d93e60 cxxbridge1$str$ptr + 3333672\n10  chromedriver                        0x0000000104db0b9c cxxbridge1$str$ptr + 3451748\n11  chromedriver                        0x0000000104d85678 cxxbridge1$str$ptr + 3274304\n12  chromedriver                        0x0000000104dcb2b4 cxxbridge1$str$ptr + 3560060\n13  chromedriver                        0x0000000104dcb430 cxxbridge1$str$ptr + 3560440\n14  chromedriver                        0x0000000104dda5fc cxxbridge1$str$ptr + 3622340\n15  libsystem_pthread.dylib             0x00000001810582e4 _pthread_start + 136\n16  libsystem_pthread.dylib             0x00000001810530fc thread_start + 8", "trace": "@pytest.mark.login\n    def test_login_with_max_length_inputs():\n        driver = init_driver(browser=\"chrome\")\n        try:\n            logger.info(\"Testing login with maximum input length...\")\n            driver.get(\"https://opensource-demo.orangehrmlive.com/web/index.php/auth/login\")\n    \n            max_length_username = \"a\" * 255\n            max_length_password = \"b\" * 255\n    \n            login_page = LoginPage(driver)\n            login_page.enter_username(max_length_username)\n            login_page.enter_password(max_length_password)\n            login_page.click_login()\n    \n>           error_message = login_page.get_error_message()\n\ntests/test_login.py:145: \n_ _ _ _ _ _ _ _ _ _ _ _ _ _ _ _ _ _ _ _ _ _ _ _ _ _ _ _ _ _ _ _ _ _ _ _ _ _ _ _ _ _ _ _ _ _ _ _ _ _ _ _ _ _ _ _ _ _ _ _ _ _ _ _ _ _ _ _ _ _ _ _ _ _\npages/login_page.py:29: in get_error_message\n    return WebDriverWait(self.driver, 10).until(\n_ _ _ _ _ _ _ _ _ _ _ _ _ _ _ _ _ _ _ _ _ _ _ _ _ _ _ _ _ _ _ _ _ _ _ _ _ _ _ _ _ _ _ _ _ _ _ _ _ _ _ _ _ _ _ _ _ _ _ _ _ _ _ _ _ _ _ _ _ _ _ _ _ _\n\nself = <selenium.webdriver.support.wait.WebDriverWait (session=\"a2c3d0d8af84c95afd79438bd3dbb2b0\")>\nmethod = <function presence_of_element_located.<locals>._predicate at 0x106d602c0>, message = ''\n\n    def until(self, method: Callable[[D], Union[Literal[False], T]], message: str = \"\") -> T:\n        \"\"\"Calls the method provided with the driver as an argument until the \\\n        return value does not evaluate to ``False``.\n    \n        :param method: callable(WebDriver)\n        :param message: optional message for :exc:`TimeoutException`\n        :returns: the result of the last call to `method`\n        :raises: :exc:`selenium.common.exceptions.TimeoutException` if timeout occurs\n        \"\"\"\n        screen = None\n        stacktrace = None\n    \n        end_time = time.monotonic() + self._timeout\n        while True:\n            try:\n                value = method(self._driver)\n                if value:\n                    return value\n            except self._ignored_exceptions as exc:\n                screen = getattr(exc, \"screen\", None)\n                stacktrace = getattr(exc, \"stacktrace\", None)\n            if time.monotonic() > end_time:\n                break\n            time.sleep(self._poll)\n>       raise TimeoutException(message, screen, stacktrace)\nE       selenium.common.exceptions.TimeoutException: Message: \nE       Stacktrace:\nE       0   chromedriver                        0x0000000104de2138 cxxbridge1$str$ptr + 3653888\nE       1   chromedriver                        0x0000000104dda988 cxxbridge1$str$ptr + 3623248\nE       2   chromedriver                        0x0000000104840968 cxxbridge1$string$len + 89228\nE       3   chromedriver                        0x0000000104884d4c cxxbridge1$string$len + 368752\nE       4   chromedriver                        0x00000001048be4f0 cxxbridge1$string$len + 604180\nE       5   chromedriver                        0x0000000104879564 cxxbridge1$string$len + 321672\nE       6   chromedriver                        0x000000010487a1b4 cxxbridge1$string$len + 324824\nE       7   chromedriver                        0x0000000104dacfc0 cxxbridge1$str$ptr + 3436424\nE       8   chromedriver                        0x0000000104db02dc cxxbridge1$str$ptr + 3449508\nE       9   chromedriver                        0x0000000104d93e60 cxxbridge1$str$ptr + 3333672\nE       10  chromedriver                        0x0000000104db0b9c cxxbridge1$str$ptr + 3451748\nE       11  chromedriver                        0x0000000104d85678 cxxbridge1$str$ptr + 3274304\nE       12  chromedriver                        0x0000000104dcb2b4 cxxbridge1$str$ptr + 3560060\nE       13  chromedriver                        0x0000000104dcb430 cxxbridge1$str$ptr + 3560440\nE       14  chromedriver                        0x0000000104dda5fc cxxbridge1$str$ptr + 3622340\nE       15  libsystem_pthread.dylib             0x00000001810582e4 _pthread_start + 136\nE       16  libsystem_pthread.dylib             0x00000001810530fc thread_start + 8\n\n/Library/Frameworks/Python.framework/Versions/3.13/lib/python3.13/site-packages/selenium/webdriver/support/wait.py:105: TimeoutException"}, "attachments": [{"name": "log", "source": "93dab12b-5f80-4ee3-a169-7f6eebeeff43-attachment.txt", "type": "text/plain"}], "start": 1737123790439, "stop": 1737123845880, "uuid": "49eef1f1-2abf-4e24-9f00-b78e281499e7", "historyId": "cf250cd74305cea98eb1815bab4f0b73", "testCaseId": "cf250cd74305cea98eb1815bab4f0b73", "fullName": "tests.test_login#test_login_with_max_length_inputs", "labels": [{"name": "tag", "value": "login"}, {"name": "parentSuite", "value": "tests"}, {"name": "suite", "value": "test_login"}, {"name": "host", "value": "viveks-MacBook-Air.local"}, {"name": "thread", "value": "7428-MainThread"}, {"name": "framework", "value": "pytest"}, {"name": "language", "value": "cpython3"}, {"name": "package", "value": "tests.test_login"}]}